2014-05-30T16:04:52.839Z - info: [NRCM] [nrcm] Loading...
2014-05-30T16:04:52.844Z - info: [NRCM] [nrcm] Loaded!
2014-05-30T16:05:09.307Z - info: [NRCM] [nrcm] Loading...
2014-05-30T16:05:09.312Z - info: [NRCM] [nrcm] Loaded!
2014-05-30T16:07:20.958Z - info: [NRCM] [nrcm] Loading...
2014-05-30T16:07:20.963Z - info: [NRCM] [nrcm] Loaded!
2014-05-30T16:07:30.052Z - info: [NRCM] [nrcm] Loading...
2014-05-30T16:07:30.058Z - info: [NRCM] [nrcm] Loaded!
2014-05-30T16:11:22.949Z - debug: [RequestHandler] process()
2014-05-30T16:11:22.952Z - info: [RequestHandler] ---------------------------------
2014-05-30T16:11:22.952Z - info: [RequestHandler] Request: service/version/my_controller.json?x=1&y=2&z=3
2014-05-30T16:11:22.952Z - info: [RequestHandler] ---------------------------------
2014-05-30T16:11:22.952Z - info: [RequestHandler] service=service
2014-05-30T16:11:22.952Z - info: [RequestHandler] version=version
2014-05-30T16:11:22.952Z - info: [RequestHandler] controller=my_controller
2014-05-30T16:11:22.952Z - info: [RequestHandler] extension=.json
2014-05-30T16:11:22.952Z - info: [RequestHandler] query={"x":"1","y":"2","z":"3"}
2014-05-30T16:11:22.952Z - info: [RequestHandler] method=post
2014-05-30T16:11:22.952Z - debug: [RequestHandler] invokeController()
2014-05-30T16:11:22.960Z - debug: [RequestHandler] process()
2014-05-30T16:11:22.960Z - info: [RequestHandler] ---------------------------------
2014-05-30T16:11:22.960Z - info: [RequestHandler] Request: service/version/my_controller.json
2014-05-30T16:11:22.960Z - info: [RequestHandler] ---------------------------------
2014-05-30T16:11:22.960Z - info: [RequestHandler] service=service
2014-05-30T16:11:22.960Z - info: [RequestHandler] version=version
2014-05-30T16:11:22.960Z - info: [RequestHandler] controller=my_controller
2014-05-30T16:11:22.960Z - info: [RequestHandler] extension=.json
2014-05-30T16:11:22.960Z - info: [RequestHandler] query={}
2014-05-30T16:11:22.960Z - info: [RequestHandler] method=put
2014-05-30T16:11:22.960Z - debug: [RequestHandler] invokeController()
2014-05-30T16:11:22.961Z - debug: [RequestHandler] method not found
2014-05-30T16:12:26.359Z - debug: [RequestHandler] process()
2014-05-30T16:12:26.362Z - info: [RequestHandler] ---------------------------------
2014-05-30T16:12:26.362Z - info: [RequestHandler] Request: service/version/my_controller.json?x=1&y=2&z=3
2014-05-30T16:12:26.362Z - info: [RequestHandler] ---------------------------------
2014-05-30T16:12:26.362Z - info: [RequestHandler] service=service
2014-05-30T16:12:26.362Z - info: [RequestHandler] version=version
2014-05-30T16:12:26.362Z - info: [RequestHandler] controller=my_controller
2014-05-30T16:12:26.362Z - info: [RequestHandler] extension=.json
2014-05-30T16:12:26.362Z - info: [RequestHandler] query={"x":"1","y":"2","z":"3"}
2014-05-30T16:12:26.362Z - info: [RequestHandler] method=post
2014-05-30T16:12:26.362Z - debug: [RequestHandler] invokeController()
2014-05-30T16:12:26.368Z - debug: [RequestHandler] process()
2014-05-30T16:12:26.368Z - info: [RequestHandler] ---------------------------------
2014-05-30T16:12:26.368Z - info: [RequestHandler] Request: service/version/my_controller.json
2014-05-30T16:12:26.368Z - info: [RequestHandler] ---------------------------------
2014-05-30T16:12:26.368Z - info: [RequestHandler] service=service
2014-05-30T16:12:26.368Z - info: [RequestHandler] version=version
2014-05-30T16:12:26.368Z - info: [RequestHandler] controller=my_controller
2014-05-30T16:12:26.369Z - info: [RequestHandler] extension=.json
2014-05-30T16:12:26.369Z - info: [RequestHandler] query={}
2014-05-30T16:12:26.369Z - info: [RequestHandler] method=put
2014-05-30T16:12:26.369Z - debug: [RequestHandler] invokeController()
2014-05-30T16:12:26.369Z - debug: [RequestHandler] method not found
2014-05-30T16:12:33.631Z - debug: [RequestHandler] process()
2014-05-30T16:12:33.635Z - info: [RequestHandler] ---------------------------------
2014-05-30T16:12:33.635Z - info: [RequestHandler] Request: service/version/my_controller.json?x=1&y=2&z=3
2014-05-30T16:12:33.635Z - info: [RequestHandler] ---------------------------------
2014-05-30T16:12:33.635Z - info: [RequestHandler] service=service
2014-05-30T16:12:33.635Z - info: [RequestHandler] version=version
2014-05-30T16:12:33.635Z - info: [RequestHandler] controller=my_controller
2014-05-30T16:12:33.635Z - info: [RequestHandler] extension=.json
2014-05-30T16:12:33.635Z - info: [RequestHandler] query={"x":"1","y":"2","z":"3"}
2014-05-30T16:12:33.635Z - info: [RequestHandler] method=post
2014-05-30T16:12:33.635Z - debug: [RequestHandler] invokeController()
2014-05-30T16:12:33.641Z - debug: [RequestHandler] process()
2014-05-30T16:12:33.641Z - info: [RequestHandler] ---------------------------------
2014-05-30T16:12:33.641Z - info: [RequestHandler] Request: service/version/my_controller.json
2014-05-30T16:12:33.641Z - info: [RequestHandler] ---------------------------------
2014-05-30T16:12:33.641Z - info: [RequestHandler] service=service
2014-05-30T16:12:33.641Z - info: [RequestHandler] version=version
2014-05-30T16:12:33.641Z - info: [RequestHandler] controller=my_controller
2014-05-30T16:12:33.641Z - info: [RequestHandler] extension=.json
2014-05-30T16:12:33.641Z - info: [RequestHandler] query={}
2014-05-30T16:12:33.641Z - info: [RequestHandler] method=post
2014-05-30T16:12:33.641Z - debug: [RequestHandler] process()
2014-05-30T16:12:33.642Z - info: [RequestHandler] ---------------------------------
2014-05-30T16:12:33.642Z - info: [RequestHandler] Request: service/version/invalid_controller.json
2014-05-30T16:12:33.642Z - info: [RequestHandler] ---------------------------------
2014-05-30T16:13:43.752Z - debug: [RequestHandler] process()
2014-05-30T16:13:43.754Z - info: [RequestHandler] ---------------------------------
2014-05-30T16:13:43.754Z - info: [RequestHandler] Request: service/version/my_controller.json?x=1&y=2&z=3
2014-05-30T16:13:43.754Z - info: [RequestHandler] ---------------------------------
2014-05-30T16:13:43.754Z - info: [RequestHandler] service=service
2014-05-30T16:13:43.755Z - info: [RequestHandler] version=version
2014-05-30T16:13:43.755Z - info: [RequestHandler] controller=my_controller
2014-05-30T16:13:43.755Z - info: [RequestHandler] extension=.json
2014-05-30T16:13:43.755Z - info: [RequestHandler] query={"x":"1","y":"2","z":"3"}
2014-05-30T16:13:43.755Z - info: [RequestHandler] method=post
2014-05-30T16:13:43.755Z - debug: [RequestHandler] invokeController()
2014-05-30T16:13:43.760Z - debug: [RequestHandler] process()
2014-05-30T16:13:43.760Z - info: [RequestHandler] ---------------------------------
2014-05-30T16:13:43.761Z - info: [RequestHandler] Request: service/version/my_controller.json
2014-05-30T16:13:43.761Z - info: [RequestHandler] ---------------------------------
2014-05-30T16:13:43.761Z - info: [RequestHandler] service=service
2014-05-30T16:13:43.761Z - info: [RequestHandler] version=version
2014-05-30T16:13:43.761Z - info: [RequestHandler] controller=my_controller
2014-05-30T16:13:43.761Z - info: [RequestHandler] extension=.json
2014-05-30T16:13:43.761Z - info: [RequestHandler] query={}
2014-05-30T16:13:43.761Z - info: [RequestHandler] method=put
2014-05-30T16:13:43.761Z - debug: [RequestHandler] invokeController()
2014-05-30T16:13:43.761Z - debug: [RequestHandler] method not found
2014-05-30T16:13:50.307Z - debug: [RequestHandler] process()
2014-05-30T16:13:50.310Z - info: [RequestHandler] ---------------------------------
2014-05-30T16:13:50.310Z - info: [RequestHandler] Request: service/version/my_controller.json?x=1&y=2&z=3
2014-05-30T16:13:50.310Z - info: [RequestHandler] ---------------------------------
2014-05-30T16:13:50.310Z - info: [RequestHandler] service=service
2014-05-30T16:13:50.310Z - info: [RequestHandler] version=version
2014-05-30T16:13:50.310Z - info: [RequestHandler] controller=my_controller
2014-05-30T16:13:50.310Z - info: [RequestHandler] extension=.json
2014-05-30T16:13:50.311Z - info: [RequestHandler] query={"x":"1","y":"2","z":"3"}
2014-05-30T16:13:50.311Z - info: [RequestHandler] method=post
2014-05-30T16:13:50.311Z - debug: [RequestHandler] invokeController()
2014-05-30T16:13:50.357Z - debug: [RequestHandler] process()
2014-05-30T16:13:50.357Z - info: [RequestHandler] ---------------------------------
2014-05-30T16:13:50.358Z - info: [RequestHandler] Request: service/version/invalid_controller.json
2014-05-30T16:13:50.358Z - info: [RequestHandler] ---------------------------------
2014-05-30T16:13:50.358Z - info: [RequestHandler] service=service
2014-05-30T16:13:50.358Z - info: [RequestHandler] version=version
2014-05-30T16:13:50.358Z - info: [RequestHandler] controller=invalid_controller
2014-05-30T16:13:50.358Z - info: [RequestHandler] extension=.json
2014-05-30T16:13:50.358Z - info: [RequestHandler] query={}
2014-05-30T16:13:50.358Z - info: [RequestHandler] method=post
2014-05-30T16:13:50.358Z - debug: [RequestHandler] invokeController()
2014-05-30T16:13:50.358Z - debug: [RequestHandler] controller not found
2014-05-30T16:13:50.369Z - debug: [RequestHandler] process()
2014-05-30T16:13:50.369Z - info: [RequestHandler] ---------------------------------
2014-05-30T16:13:50.369Z - info: [RequestHandler] Request: service/version/my_controller.json
2014-05-30T16:13:50.369Z - info: [RequestHandler] ---------------------------------
2014-05-30T16:13:50.369Z - info: [RequestHandler] service=service
2014-05-30T16:13:50.369Z - info: [RequestHandler] version=version
2014-05-30T16:13:50.369Z - info: [RequestHandler] controller=my_controller
2014-05-30T16:13:50.370Z - info: [RequestHandler] extension=.json
2014-05-30T16:13:50.370Z - info: [RequestHandler] query={}
2014-05-30T16:13:50.370Z - info: [RequestHandler] method=put
2014-05-30T16:13:50.370Z - debug: [RequestHandler] invokeController()
2014-05-30T16:13:50.370Z - debug: [RequestHandler] method not found
2014-05-30T16:13:53.357Z - debug: [RequestHandler] process()
2014-05-30T16:13:53.360Z - info: [RequestHandler] ---------------------------------
2014-05-30T16:13:53.360Z - info: [RequestHandler] Request: service/version/my_controller.json?x=1&y=2&z=3
2014-05-30T16:13:53.360Z - info: [RequestHandler] ---------------------------------
2014-05-30T16:13:53.360Z - info: [RequestHandler] service=service
2014-05-30T16:13:53.360Z - info: [RequestHandler] version=version
2014-05-30T16:13:53.360Z - info: [RequestHandler] controller=my_controller
2014-05-30T16:13:53.360Z - info: [RequestHandler] extension=.json
2014-05-30T16:13:53.361Z - info: [RequestHandler] query={"x":"1","y":"2","z":"3"}
2014-05-30T16:13:53.361Z - info: [RequestHandler] method=post
2014-05-30T16:13:53.361Z - debug: [RequestHandler] invokeController()
2014-05-30T16:13:53.407Z - debug: [RequestHandler] process()
2014-05-30T16:13:53.407Z - info: [RequestHandler] ---------------------------------
2014-05-30T16:13:53.407Z - info: [RequestHandler] Request: service/version/invalid_controller.json
2014-05-30T16:13:53.407Z - info: [RequestHandler] ---------------------------------
2014-05-30T16:13:53.407Z - info: [RequestHandler] service=service
2014-05-30T16:13:53.407Z - info: [RequestHandler] version=version
2014-05-30T16:13:53.407Z - info: [RequestHandler] controller=invalid_controller
2014-05-30T16:13:53.407Z - info: [RequestHandler] extension=.json
2014-05-30T16:13:53.408Z - info: [RequestHandler] query={}
2014-05-30T16:13:53.408Z - info: [RequestHandler] method=post
2014-05-30T16:13:53.408Z - debug: [RequestHandler] invokeController()
2014-05-30T16:13:53.408Z - debug: [RequestHandler] controller not found
2014-05-30T16:13:53.419Z - debug: [RequestHandler] process()
2014-05-30T16:13:53.419Z - info: [RequestHandler] ---------------------------------
2014-05-30T16:13:53.419Z - info: [RequestHandler] Request: service/version/my_controller.json
2014-05-30T16:13:53.419Z - info: [RequestHandler] ---------------------------------
2014-05-30T16:13:53.419Z - info: [RequestHandler] service=service
2014-05-30T16:13:53.419Z - info: [RequestHandler] version=version
2014-05-30T16:13:53.419Z - info: [RequestHandler] controller=my_controller
2014-05-30T16:13:53.419Z - info: [RequestHandler] extension=.json
2014-05-30T16:13:53.419Z - info: [RequestHandler] query={}
2014-05-30T16:13:53.419Z - info: [RequestHandler] method=put
2014-05-30T16:13:53.419Z - debug: [RequestHandler] invokeController()
2014-05-30T16:13:53.419Z - debug: [RequestHandler] method not found
2014-05-30T16:13:55.409Z - debug: [RequestHandler] process()
2014-05-30T16:13:55.412Z - info: [RequestHandler] ---------------------------------
2014-05-30T16:13:55.412Z - info: [RequestHandler] Request: service/version/my_controller.json?x=1&y=2&z=3
2014-05-30T16:13:55.412Z - info: [RequestHandler] ---------------------------------
2014-05-30T16:13:55.412Z - info: [RequestHandler] service=service
2014-05-30T16:13:55.412Z - info: [RequestHandler] version=version
2014-05-30T16:13:55.412Z - info: [RequestHandler] controller=my_controller
2014-05-30T16:13:55.412Z - info: [RequestHandler] extension=.json
2014-05-30T16:13:55.413Z - info: [RequestHandler] query={"x":"1","y":"2","z":"3"}
2014-05-30T16:13:55.413Z - info: [RequestHandler] method=post
2014-05-30T16:13:55.413Z - debug: [RequestHandler] invokeController()
2014-05-30T16:13:55.460Z - debug: [RequestHandler] process()
2014-05-30T16:13:55.461Z - info: [RequestHandler] ---------------------------------
2014-05-30T16:13:55.461Z - info: [RequestHandler] Request: service/version/invalid_controller.json
2014-05-30T16:13:55.461Z - info: [RequestHandler] ---------------------------------
2014-05-30T16:13:55.461Z - info: [RequestHandler] service=service
2014-05-30T16:13:55.461Z - info: [RequestHandler] version=version
2014-05-30T16:13:55.461Z - info: [RequestHandler] controller=invalid_controller
2014-05-30T16:13:55.461Z - info: [RequestHandler] extension=.json
2014-05-30T16:13:55.461Z - info: [RequestHandler] query={}
2014-05-30T16:13:55.461Z - info: [RequestHandler] method=post
2014-05-30T16:13:55.461Z - debug: [RequestHandler] invokeController()
2014-05-30T16:13:55.461Z - debug: [RequestHandler] controller not found
2014-05-30T16:13:55.473Z - debug: [RequestHandler] process()
2014-05-30T16:13:55.473Z - info: [RequestHandler] ---------------------------------
2014-05-30T16:13:55.473Z - info: [RequestHandler] Request: service/version/my_controller.json
2014-05-30T16:13:55.473Z - info: [RequestHandler] ---------------------------------
2014-05-30T16:13:55.473Z - info: [RequestHandler] service=service
2014-05-30T16:13:55.473Z - info: [RequestHandler] version=version
2014-05-30T16:13:55.473Z - info: [RequestHandler] controller=my_controller
2014-05-30T16:13:55.473Z - info: [RequestHandler] extension=.json
2014-05-30T16:13:55.473Z - info: [RequestHandler] query={}
2014-05-30T16:13:55.473Z - info: [RequestHandler] method=put
2014-05-30T16:13:55.473Z - debug: [RequestHandler] invokeController()
2014-05-30T16:13:55.473Z - debug: [RequestHandler] method not found
2014-05-30T16:13:57.250Z - debug: [RequestHandler] process()
2014-05-30T16:13:57.253Z - info: [RequestHandler] ---------------------------------
2014-05-30T16:13:57.253Z - info: [RequestHandler] Request: service/version/my_controller.json?x=1&y=2&z=3
2014-05-30T16:13:57.253Z - info: [RequestHandler] ---------------------------------
2014-05-30T16:13:57.253Z - info: [RequestHandler] service=service
2014-05-30T16:13:57.253Z - info: [RequestHandler] version=version
2014-05-30T16:13:57.253Z - info: [RequestHandler] controller=my_controller
2014-05-30T16:13:57.253Z - info: [RequestHandler] extension=.json
2014-05-30T16:13:57.253Z - info: [RequestHandler] query={"x":"1","y":"2","z":"3"}
2014-05-30T16:13:57.253Z - info: [RequestHandler] method=post
2014-05-30T16:13:57.254Z - debug: [RequestHandler] invokeController()
2014-05-30T16:13:57.299Z - debug: [RequestHandler] process()
2014-05-30T16:13:57.300Z - info: [RequestHandler] ---------------------------------
2014-05-30T16:13:57.300Z - info: [RequestHandler] Request: service/version/invalid_controller.json
2014-05-30T16:13:57.300Z - info: [RequestHandler] ---------------------------------
2014-05-30T16:13:57.300Z - info: [RequestHandler] service=service
2014-05-30T16:13:57.300Z - info: [RequestHandler] version=version
2014-05-30T16:13:57.300Z - info: [RequestHandler] controller=invalid_controller
2014-05-30T16:13:57.300Z - info: [RequestHandler] extension=.json
2014-05-30T16:13:57.300Z - info: [RequestHandler] query={}
2014-05-30T16:13:57.300Z - info: [RequestHandler] method=post
2014-05-30T16:13:57.300Z - debug: [RequestHandler] invokeController()
2014-05-30T16:13:57.300Z - debug: [RequestHandler] controller not found
2014-05-30T16:13:57.311Z - debug: [RequestHandler] process()
2014-05-30T16:13:57.311Z - info: [RequestHandler] ---------------------------------
2014-05-30T16:13:57.311Z - info: [RequestHandler] Request: service/version/my_controller.json
2014-05-30T16:13:57.311Z - info: [RequestHandler] ---------------------------------
2014-05-30T16:13:57.311Z - info: [RequestHandler] service=service
2014-05-30T16:13:57.311Z - info: [RequestHandler] version=version
2014-05-30T16:13:57.311Z - info: [RequestHandler] controller=my_controller
2014-05-30T16:13:57.312Z - info: [RequestHandler] extension=.json
2014-05-30T16:13:57.312Z - info: [RequestHandler] query={}
2014-05-30T16:13:57.312Z - info: [RequestHandler] method=put
2014-05-30T16:13:57.312Z - debug: [RequestHandler] invokeController()
2014-05-30T16:13:57.312Z - debug: [RequestHandler] method not found
2014-05-30T16:13:59.193Z - debug: [RequestHandler] process()
2014-05-30T16:13:59.195Z - info: [RequestHandler] ---------------------------------
2014-05-30T16:13:59.196Z - info: [RequestHandler] Request: service/version/my_controller.json?x=1&y=2&z=3
2014-05-30T16:13:59.196Z - info: [RequestHandler] ---------------------------------
2014-05-30T16:13:59.196Z - info: [RequestHandler] service=service
2014-05-30T16:13:59.196Z - info: [RequestHandler] version=version
2014-05-30T16:13:59.196Z - info: [RequestHandler] controller=my_controller
2014-05-30T16:13:59.196Z - info: [RequestHandler] extension=.json
2014-05-30T16:13:59.196Z - info: [RequestHandler] query={"x":"1","y":"2","z":"3"}
2014-05-30T16:13:59.196Z - info: [RequestHandler] method=post
2014-05-30T16:13:59.196Z - debug: [RequestHandler] invokeController()
2014-05-30T16:13:59.243Z - debug: [RequestHandler] process()
2014-05-30T16:13:59.243Z - info: [RequestHandler] ---------------------------------
2014-05-30T16:13:59.243Z - info: [RequestHandler] Request: service/version/invalid_controller.json
2014-05-30T16:13:59.243Z - info: [RequestHandler] ---------------------------------
2014-05-30T16:13:59.243Z - info: [RequestHandler] service=service
2014-05-30T16:13:59.243Z - info: [RequestHandler] version=version
2014-05-30T16:13:59.243Z - info: [RequestHandler] controller=invalid_controller
2014-05-30T16:13:59.244Z - info: [RequestHandler] extension=.json
2014-05-30T16:13:59.244Z - info: [RequestHandler] query={}
2014-05-30T16:13:59.244Z - info: [RequestHandler] method=post
2014-05-30T16:13:59.244Z - debug: [RequestHandler] invokeController()
2014-05-30T16:13:59.244Z - debug: [RequestHandler] controller not found
2014-05-30T16:13:59.255Z - debug: [RequestHandler] process()
2014-05-30T16:13:59.255Z - info: [RequestHandler] ---------------------------------
2014-05-30T16:13:59.255Z - info: [RequestHandler] Request: service/version/my_controller.json
2014-05-30T16:13:59.255Z - info: [RequestHandler] ---------------------------------
2014-05-30T16:13:59.255Z - info: [RequestHandler] service=service
2014-05-30T16:13:59.255Z - info: [RequestHandler] version=version
2014-05-30T16:13:59.255Z - info: [RequestHandler] controller=my_controller
2014-05-30T16:13:59.255Z - info: [RequestHandler] extension=.json
2014-05-30T16:13:59.255Z - info: [RequestHandler] query={}
2014-05-30T16:13:59.255Z - info: [RequestHandler] method=put
2014-05-30T16:13:59.255Z - debug: [RequestHandler] invokeController()
2014-05-30T16:13:59.255Z - debug: [RequestHandler] method not found
2014-05-30T16:14:01.158Z - debug: [RequestHandler] process()
2014-05-30T16:14:01.161Z - info: [RequestHandler] ---------------------------------
2014-05-30T16:14:01.161Z - info: [RequestHandler] Request: service/version/my_controller.json?x=1&y=2&z=3
2014-05-30T16:14:01.161Z - info: [RequestHandler] ---------------------------------
2014-05-30T16:14:01.161Z - info: [RequestHandler] service=service
2014-05-30T16:14:01.161Z - info: [RequestHandler] version=version
2014-05-30T16:14:01.161Z - info: [RequestHandler] controller=my_controller
2014-05-30T16:14:01.161Z - info: [RequestHandler] extension=.json
2014-05-30T16:14:01.161Z - info: [RequestHandler] query={"x":"1","y":"2","z":"3"}
2014-05-30T16:14:01.161Z - info: [RequestHandler] method=post
2014-05-30T16:14:01.162Z - debug: [RequestHandler] invokeController()
2014-05-30T16:14:01.209Z - debug: [RequestHandler] process()
2014-05-30T16:14:01.209Z - info: [RequestHandler] ---------------------------------
2014-05-30T16:14:01.209Z - info: [RequestHandler] Request: service/version/invalid_controller.json
2014-05-30T16:14:01.209Z - info: [RequestHandler] ---------------------------------
2014-05-30T16:14:01.209Z - info: [RequestHandler] service=service
2014-05-30T16:14:01.209Z - info: [RequestHandler] version=version
2014-05-30T16:14:01.209Z - info: [RequestHandler] controller=invalid_controller
2014-05-30T16:14:01.209Z - info: [RequestHandler] extension=.json
2014-05-30T16:14:01.209Z - info: [RequestHandler] query={}
2014-05-30T16:14:01.210Z - info: [RequestHandler] method=post
2014-05-30T16:14:01.210Z - debug: [RequestHandler] invokeController()
2014-05-30T16:14:01.210Z - debug: [RequestHandler] controller not found
2014-05-30T16:14:01.221Z - debug: [RequestHandler] process()
2014-05-30T16:14:01.221Z - info: [RequestHandler] ---------------------------------
2014-05-30T16:14:01.221Z - info: [RequestHandler] Request: service/version/my_controller.json
2014-05-30T16:14:01.221Z - info: [RequestHandler] ---------------------------------
2014-05-30T16:14:01.221Z - info: [RequestHandler] service=service
2014-05-30T16:14:01.221Z - info: [RequestHandler] version=version
2014-05-30T16:14:01.221Z - info: [RequestHandler] controller=my_controller
2014-05-30T16:14:01.221Z - info: [RequestHandler] extension=.json
2014-05-30T16:14:01.221Z - info: [RequestHandler] query={}
2014-05-30T16:14:01.221Z - info: [RequestHandler] method=put
2014-05-30T16:14:01.221Z - debug: [RequestHandler] invokeController()
2014-05-30T16:14:01.221Z - debug: [RequestHandler] method not found
2014-05-30T16:14:23.454Z - debug: [RequestHandler] process()
2014-05-30T16:14:23.457Z - info: [RequestHandler] ---------------------------------
2014-05-30T16:14:23.457Z - info: [RequestHandler] Request: service/version/my_controller.json?x=1&y=2&z=3
2014-05-30T16:14:23.457Z - info: [RequestHandler] ---------------------------------
2014-05-30T16:14:23.457Z - info: [RequestHandler] service=service
2014-05-30T16:14:23.457Z - info: [RequestHandler] version=version
2014-05-30T16:14:23.457Z - info: [RequestHandler] controller=my_controller
2014-05-30T16:14:23.457Z - info: [RequestHandler] extension=.json
2014-05-30T16:14:23.457Z - info: [RequestHandler] query={"x":"1","y":"2","z":"3"}
2014-05-30T16:14:23.457Z - info: [RequestHandler] method=post
2014-05-30T16:14:23.457Z - debug: [RequestHandler] invokeController()
2014-05-30T16:14:23.463Z - debug: [RequestHandler] process()
2014-05-30T16:14:23.463Z - info: [RequestHandler] ---------------------------------
2014-05-30T16:14:23.463Z - info: [RequestHandler] Request: service/version/invalid_controller.json
2014-05-30T16:14:23.463Z - info: [RequestHandler] ---------------------------------
2014-05-30T16:14:23.463Z - info: [RequestHandler] service=service
2014-05-30T16:14:23.463Z - info: [RequestHandler] version=version
2014-05-30T16:53:26.517Z - debug: [RequestHandler] process()
2014-05-30T16:53:26.519Z - info: [RequestHandler] ---------------------------------
2014-05-30T16:53:26.519Z - info: [RequestHandler] Request: service/version/my_controller.json?x=1&y=2&z=3
2014-05-30T16:53:26.519Z - info: [RequestHandler] ---------------------------------
2014-05-30T16:53:26.520Z - info: [RequestHandler] service=service
2014-05-30T16:53:26.520Z - info: [RequestHandler] version=version
2014-05-30T16:53:26.520Z - info: [RequestHandler] controller=my_controller
2014-05-30T16:53:26.520Z - info: [RequestHandler] extension=.json
2014-05-30T16:53:26.520Z - info: [RequestHandler] query={"x":"1","y":"2","z":"3"}
2014-05-30T16:53:26.520Z - info: [RequestHandler] method=post
2014-05-30T16:53:26.520Z - debug: [RequestHandler] invokeController()
2014-05-30T16:53:26.526Z - debug: [RequestHandler] process()
2014-05-30T16:53:26.526Z - info: [RequestHandler] ---------------------------------
2014-05-30T16:53:26.526Z - info: [RequestHandler] Request: service/version/my_controller.json
2014-05-30T16:53:26.526Z - info: [RequestHandler] ---------------------------------
2014-05-30T16:53:26.526Z - info: [RequestHandler] service=service
2014-05-30T16:56:35.014Z - debug: [RequestHandler] process()
2014-05-30T16:56:35.017Z - info: [RequestHandler] ---------------------------------
2014-05-30T16:56:35.017Z - info: [RequestHandler] Request: service/version/my_controller.json?x=1&y=2&z=3
2014-05-30T16:56:35.017Z - info: [RequestHandler] ---------------------------------
2014-05-30T16:56:35.017Z - info: [RequestHandler] service=service
2014-05-30T16:56:35.017Z - info: [RequestHandler] version=version
2014-05-30T16:56:35.017Z - info: [RequestHandler] controller=my_controller
2014-05-30T16:56:35.017Z - info: [RequestHandler] extension=.json
2014-05-30T16:56:35.017Z - info: [RequestHandler] query={"x":"1","y":"2","z":"3"}
2014-05-30T16:56:35.017Z - info: [RequestHandler] method=post
2014-05-30T16:56:35.018Z - debug: [RequestHandler] invokeController()
2014-05-30T16:56:35.023Z - debug: [RequestHandler] process()
2014-05-30T16:56:35.023Z - info: [RequestHandler] ---------------------------------
2014-05-30T16:56:35.023Z - info: [RequestHandler] Request: service/version/my_controller.json
2014-05-30T16:56:35.023Z - info: [RequestHandler] ---------------------------------
2014-05-30T16:56:35.023Z - info: [RequestHandler] service=service
2014-05-30T16:56:35.023Z - info: [RequestHandler] version=version
2014-05-30T16:56:35.023Z - info: [RequestHandler] controller=my_controller
2014-05-30T16:56:35.023Z - info: [RequestHandler] extension=.json
2014-05-30T16:56:35.023Z - info: [RequestHandler] query={}
2014-05-30T16:56:35.023Z - info: [RequestHandler] method=post
2014-05-30T16:56:35.024Z - debug: [RequestHandler] process()
2014-05-30T16:56:35.024Z - info: [RequestHandler] ---------------------------------
2014-05-30T16:56:58.075Z - debug: [RequestHandler] process()
2014-05-30T16:56:58.078Z - info: [RequestHandler] ---------------------------------
2014-05-30T16:56:58.078Z - info: [RequestHandler] Request: service/version/my_controller.json?x=1&y=2&z=3
2014-05-30T16:56:58.078Z - info: [RequestHandler] ---------------------------------
2014-05-30T16:56:58.078Z - info: [RequestHandler] service=service
2014-05-30T16:56:58.078Z - info: [RequestHandler] version=version
2014-05-30T16:56:58.078Z - info: [RequestHandler] controller=my_controller
2014-05-30T16:56:58.078Z - info: [RequestHandler] extension=.json
2014-05-30T16:56:58.078Z - info: [RequestHandler] query={"x":"1","y":"2","z":"3"}
2014-05-30T16:56:58.078Z - info: [RequestHandler] method=post
2014-05-30T16:56:58.078Z - debug: [RequestHandler] invokeController()
2014-05-30T16:56:58.083Z - debug: [RequestHandler] process()
2014-05-30T16:56:58.083Z - info: [RequestHandler] ---------------------------------
2014-05-30T16:56:58.083Z - info: [RequestHandler] Request: service/version/invalid_controller.json
2014-05-30T16:56:58.084Z - info: [RequestHandler] ---------------------------------
2014-05-30T16:56:58.084Z - info: [RequestHandler] service=service
2014-05-30T16:56:58.084Z - info: [RequestHandler] version=version
2014-05-30T16:56:58.084Z - info: [RequestHandler] controller=invalid_controller
2014-05-30T16:56:58.084Z - info: [RequestHandler] extension=.json
2014-05-30T16:56:58.084Z - info: [RequestHandler] query={}
2014-05-30T16:56:58.084Z - info: [RequestHandler] method=post
2014-05-30T16:57:20.432Z - debug: [RequestHandler] process()
2014-05-30T16:57:20.435Z - info: [RequestHandler] ---------------------------------
2014-05-30T16:57:20.435Z - info: [RequestHandler] Request: service/version/my_controller.json?x=1&y=2&z=3
2014-05-30T16:57:20.435Z - info: [RequestHandler] ---------------------------------
2014-05-30T16:57:20.435Z - info: [RequestHandler] service=service
2014-05-30T16:57:20.435Z - info: [RequestHandler] version=version
2014-05-30T16:57:20.435Z - info: [RequestHandler] controller=my_controller
2014-05-30T16:57:20.435Z - info: [RequestHandler] extension=.json
2014-05-30T16:57:20.435Z - info: [RequestHandler] query={"x":"1","y":"2","z":"3"}
2014-05-30T16:57:20.435Z - info: [RequestHandler] method=post
2014-05-30T16:57:20.435Z - debug: [RequestHandler] invokeController()
2014-05-30T16:57:20.442Z - debug: [RequestHandler] process()
2014-05-30T16:57:20.442Z - info: [RequestHandler] ---------------------------------
2014-05-30T16:57:20.442Z - info: [RequestHandler] Request: service/version/my_controller.json
2014-05-30T16:57:20.442Z - info: [RequestHandler] ---------------------------------
2014-05-30T16:57:20.442Z - info: [RequestHandler] service=service
2014-05-30T16:57:30.573Z - debug: [RequestHandler] process()
2014-05-30T16:57:30.575Z - info: [RequestHandler] ---------------------------------
2014-05-30T16:57:30.575Z - info: [RequestHandler] Request: service/version/my_controller.json?x=1&y=2&z=3
2014-05-30T16:57:30.575Z - info: [RequestHandler] ---------------------------------
2014-05-30T16:57:30.575Z - info: [RequestHandler] service=service
2014-05-30T16:57:30.575Z - info: [RequestHandler] version=version
2014-05-30T16:57:30.575Z - info: [RequestHandler] controller=my_controller
2014-05-30T16:57:30.575Z - info: [RequestHandler] extension=.json
2014-05-30T16:57:30.575Z - info: [RequestHandler] query={"x":"1","y":"2","z":"3"}
2014-05-30T16:57:30.575Z - info: [RequestHandler] method=post
2014-05-30T16:57:30.576Z - debug: [RequestHandler] invokeController()
2014-05-30T16:57:30.580Z - debug: [RequestHandler] process()
2014-05-30T16:57:30.580Z - info: [RequestHandler] ---------------------------------
2014-05-30T16:57:30.580Z - info: [RequestHandler] Request: service/version/my_controller.json
2014-05-30T16:57:30.580Z - info: [RequestHandler] ---------------------------------
2014-05-30T16:57:30.580Z - info: [RequestHandler] service=service
2014-05-30T16:57:30.580Z - info: [RequestHandler] version=version
2014-05-30T16:57:30.580Z - info: [RequestHandler] controller=my_controller
2014-05-30T16:57:30.580Z - info: [RequestHandler] extension=.json
2014-05-30T16:57:30.580Z - info: [RequestHandler] query={}
2014-05-30T16:57:30.580Z - info: [RequestHandler] method=post
2014-05-30T16:57:30.581Z - debug: [RequestHandler] process()
2014-05-30T16:57:30.581Z - info: [RequestHandler] ---------------------------------
2014-05-30T17:03:43.429Z - debug: [RequestHandler] process()
2014-05-30T17:03:43.431Z - info: [RequestHandler] ---------------------------------
2014-05-30T17:03:43.431Z - info: [RequestHandler] Request: service/version/my_controller.json?x=1&y=2&z=3
2014-05-30T17:03:43.431Z - info: [RequestHandler] ---------------------------------
2014-05-30T17:03:43.431Z - info: [RequestHandler] service=service
2014-05-30T17:03:43.431Z - info: [RequestHandler] version=version
2014-05-30T17:03:43.431Z - info: [RequestHandler] controller=my_controller
2014-05-30T17:03:43.431Z - info: [RequestHandler] extension=.json
2014-05-30T17:03:43.431Z - info: [RequestHandler] query={"x":"1","y":"2","z":"3"}
2014-05-30T17:03:43.431Z - info: [RequestHandler] method=post
2014-05-30T17:03:43.431Z - debug: [RequestHandler] invokeController()
2014-05-30T17:03:43.436Z - debug: [RequestHandler] process()
2014-05-30T17:03:43.436Z - info: [RequestHandler] ---------------------------------
2014-05-30T17:03:43.436Z - info: [RequestHandler] Request: service/version/invalid_controller.json
2014-05-30T17:03:43.436Z - info: [RequestHandler] ---------------------------------
2014-05-30T17:03:43.436Z - info: [RequestHandler] service=service
2014-05-30T17:03:43.436Z - info: [RequestHandler] version=version
2014-05-30T17:06:14.238Z - debug: [RequestHandler] process()
2014-05-30T17:06:14.241Z - info: [RequestHandler] ---------------------------------
2014-05-30T17:06:14.241Z - info: [RequestHandler] Request: service/version/my_controller.json?x=1&y=2&z=3
2014-05-30T17:06:14.241Z - info: [RequestHandler] ---------------------------------
2014-05-30T17:06:14.241Z - info: [RequestHandler] service=service
2014-05-30T17:06:14.241Z - info: [RequestHandler] version=version
2014-05-30T17:06:14.241Z - info: [RequestHandler] controller=my_controller
2014-05-30T17:06:14.241Z - info: [RequestHandler] extension=.json
2014-05-30T17:06:14.241Z - info: [RequestHandler] query={"x":"1","y":"2","z":"3"}
2014-05-30T17:06:14.241Z - info: [RequestHandler] method=post
2014-05-30T17:06:14.241Z - debug: [RequestHandler] invokeController()
2014-05-30T17:06:14.247Z - debug: [RequestHandler] process()
2014-05-30T17:06:14.248Z - info: [RequestHandler] ---------------------------------
2014-05-30T17:06:14.248Z - info: [RequestHandler] Request: service/version/my_controller.json
2014-05-30T17:06:14.248Z - info: [RequestHandler] ---------------------------------
2014-05-30T17:06:14.248Z - info: [RequestHandler] service=service
2014-05-30T17:06:14.248Z - info: [RequestHandler] version=version
2014-05-30T17:06:14.248Z - info: [RequestHandler] controller=my_controller
2014-05-30T17:06:14.248Z - info: [RequestHandler] extension=.json
2014-05-30T17:06:14.248Z - info: [RequestHandler] query={}
2014-05-30T17:06:14.248Z - info: [RequestHandler] method=put
2014-05-30T17:06:14.248Z - debug: [RequestHandler] invokeController()
2014-05-30T17:06:14.248Z - debug: [RequestHandler] method not found
2014-05-30T17:07:51.267Z - debug: [RequestHandler] process()
2014-05-30T17:08:59.354Z - info: [RequestHandler] ---------------------------------
2014-05-30T17:08:59.354Z - info: [RequestHandler] Request: service/version/my_controller.json?x=1&y=2&z=3
2014-05-30T17:08:59.354Z - info: [RequestHandler] ---------------------------------
2014-05-30T17:08:59.354Z - info: [RequestHandler] service=service
2014-05-30T17:08:59.354Z - info: [RequestHandler] version=version
2014-05-30T17:08:59.354Z - info: [RequestHandler] controller=my_controller
2014-05-30T17:08:59.354Z - info: [RequestHandler] extension=.json
2014-05-30T17:08:59.354Z - info: [RequestHandler] query={"x":"1","y":"2","z":"3"}
2014-05-30T17:08:59.354Z - info: [RequestHandler] method=post
2014-05-30T17:08:59.354Z - debug: [RequestHandler] invokeController()
2014-05-30T17:12:52.566Z - debug: [RequestHandler] process()
2014-05-30T17:12:52.569Z - info: [RequestHandler] ---------------------------------
2014-05-30T17:12:52.569Z - info: [RequestHandler] Request: service/version/my_controller.json?x=1&y=2&z=3
2014-05-30T17:12:52.569Z - info: [RequestHandler] ---------------------------------
2014-05-30T17:12:52.569Z - info: [RequestHandler] service=service
2014-05-30T17:12:52.569Z - info: [RequestHandler] version=version
2014-05-30T17:12:52.569Z - info: [RequestHandler] controller=my_controller
2014-05-30T17:12:52.569Z - info: [RequestHandler] extension=.json
2014-05-30T17:12:52.569Z - info: [RequestHandler] query={"x":"1","y":"2","z":"3"}
2014-05-30T17:12:52.569Z - info: [RequestHandler] method=post
2014-05-30T17:12:52.569Z - debug: [RequestHandler] invokeController()
2014-05-30T17:13:09.295Z - debug: [RequestHandler] process()
2014-05-30T17:13:09.297Z - info: [RequestHandler] ---------------------------------
2014-05-30T17:13:09.297Z - info: [RequestHandler] Request: service/version/my_controller.json?x=1&y=2&z=3
2014-05-30T17:13:09.297Z - info: [RequestHandler] ---------------------------------
2014-05-30T17:13:09.297Z - info: [RequestHandler] service=service
2014-05-30T17:13:09.298Z - info: [RequestHandler] version=version
2014-05-30T17:13:09.298Z - info: [RequestHandler] controller=my_controller
2014-05-30T17:13:09.298Z - info: [RequestHandler] extension=.json
2014-05-30T17:13:09.298Z - info: [RequestHandler] query={"x":"1","y":"2","z":"3"}
2014-05-30T17:13:09.298Z - info: [RequestHandler] method=post
2014-05-30T17:13:09.298Z - debug: [RequestHandler] invokeController()
2014-05-30T17:17:40.182Z - info: [NRCM] [nrcm] Loading...
2014-05-30T17:17:40.187Z - info: [NRCM] [nrcm] Loaded!
2014-05-30T17:18:48.262Z - error: uncaughtException: object is not a function date=Fri May 30 2014 14:18:48 GMT-0300 (Hora oficial do Brasil), pid=8788, uid=null, gid=null, cwd=c:\Projects\nrcm, execPath=C:\Program Files (x86)\nodejs\node.exe, version=v0.10.28, argv=[node, C:\Users\DESENV01\AppData\Roaming\npm\node_modules\mocha\bin\_mocha, -R, istanbul], rss=24276992, heapTotal=15453568, heapUsed=8894928, loadavg=[0, 0, 0], uptime=65353.8361063, trace=[column=18, file=C:\Users\DESENV01\AppData\Roaming\npm\node_modules\mocha\lib\mocha.js, function=Mocha.run, line=361, method=run, native=false, column=16, file=C:\Users\DESENV01\AppData\Roaming\npm\node_modules\mocha\bin\_mocha, function=, line=359, method=null, native=false, column=26, file=module.js, function=Module._compile, line=456, method=_compile, native=false, column=10, file=module.js, function=Object.Module._extensions..js, line=474, method=Module._extensions..js, native=false, column=32, file=module.js, function=Module.load, line=356, method=load, native=false, column=12, file=module.js, function=Function.Module._load, line=312, method=Module._load, native=false, column=10, file=module.js, function=Function.Module.runMain, line=497, method=Module.runMain, native=false, column=16, file=node.js, function=startup, line=119, method=null, native=false, column=3, file=node.js, function=null, line=906, method=null, native=false], stack=[TypeError: object is not a function,     at Mocha.run (C:\Users\DESENV01\AppData\Roaming\npm\node_modules\mocha\lib\mocha.js:361:18),     at Object.<anonymous> (C:\Users\DESENV01\AppData\Roaming\npm\node_modules\mocha\bin\_mocha:359:16),     at Module._compile (module.js:456:26),     at Object.Module._extensions..js (module.js:474:10),     at Module.load (module.js:356:32),     at Function.Module._load (module.js:312:12),     at Function.Module.runMain (module.js:497:10),     at startup (node.js:119:16),     at node.js:906:3]
2014-05-30T17:19:13.739Z - error: uncaughtException: object is not a function date=Fri May 30 2014 14:19:13 GMT-0300 (Hora oficial do Brasil), pid=8576, uid=null, gid=null, cwd=c:\Projects\nrcm, execPath=C:\Program Files (x86)\nodejs\node.exe, version=v0.10.28, argv=[node, C:\Users\DESENV01\AppData\Roaming\npm\node_modules\mocha\bin\_mocha, -R, istanbul], rss=24244224, heapTotal=15453568, heapUsed=8873588, loadavg=[0, 0, 0], uptime=65379.3115634, trace=[column=18, file=C:\Users\DESENV01\AppData\Roaming\npm\node_modules\mocha\lib\mocha.js, function=Mocha.run, line=361, method=run, native=false, column=16, file=C:\Users\DESENV01\AppData\Roaming\npm\node_modules\mocha\bin\_mocha, function=, line=359, method=null, native=false, column=26, file=module.js, function=Module._compile, line=456, method=_compile, native=false, column=10, file=module.js, function=Object.Module._extensions..js, line=474, method=Module._extensions..js, native=false, column=32, file=module.js, function=Module.load, line=356, method=load, native=false, column=12, file=module.js, function=Function.Module._load, line=312, method=Module._load, native=false, column=10, file=module.js, function=Function.Module.runMain, line=497, method=Module.runMain, native=false, column=16, file=node.js, function=startup, line=119, method=null, native=false, column=3, file=node.js, function=null, line=906, method=null, native=false], stack=[TypeError: object is not a function,     at Mocha.run (C:\Users\DESENV01\AppData\Roaming\npm\node_modules\mocha\lib\mocha.js:361:18),     at Object.<anonymous> (C:\Users\DESENV01\AppData\Roaming\npm\node_modules\mocha\bin\_mocha:359:16),     at Module._compile (module.js:456:26),     at Object.Module._extensions..js (module.js:474:10),     at Module.load (module.js:356:32),     at Function.Module._load (module.js:312:12),     at Function.Module.runMain (module.js:497:10),     at startup (node.js:119:16),     at node.js:906:3]
2014-05-30T17:19:33.413Z - debug: [RequestHandler] process()
2014-05-30T17:19:33.415Z - info: [RequestHandler] ---------------------------------
2014-05-30T17:19:33.415Z - info: [RequestHandler] Request: service/version/my_controller.json?x=1&y=2&z=3
2014-05-30T17:19:33.415Z - info: [RequestHandler] ---------------------------------
2014-05-30T17:19:33.415Z - info: [RequestHandler] service=service
2014-05-30T17:19:33.415Z - info: [RequestHandler] version=version
2014-05-30T17:19:33.416Z - info: [RequestHandler] controller=my_controller
2014-05-30T17:19:33.416Z - info: [RequestHandler] extension=.json
2014-05-30T17:19:33.416Z - info: [RequestHandler] query={"x":"1","y":"2","z":"3"}
2014-05-30T17:19:33.416Z - info: [RequestHandler] method=post
2014-05-30T17:19:33.416Z - debug: [RequestHandler] invokeController()
2014-05-30T17:19:33.419Z - debug: [RequestHandler] process()
2014-05-30T17:19:33.420Z - info: [RequestHandler] ---------------------------------
2014-05-30T17:19:33.420Z - info: [RequestHandler] Request: service/version/invalid_controller.json
2014-05-30T17:19:33.420Z - info: [RequestHandler] ---------------------------------
2014-05-30T17:19:33.420Z - info: [RequestHandler] service=service
2014-05-30T17:19:33.420Z - info: [RequestHandler] version=version
2014-05-30T17:19:33.420Z - info: [RequestHandler] controller=invalid_controller
2014-05-30T17:19:33.420Z - info: [RequestHandler] extension=.json
2014-05-30T17:19:33.420Z - info: [RequestHandler] query={}
2014-05-30T17:19:33.420Z - info: [RequestHandler] method=post
2014-05-30T17:19:33.420Z - debug: [RequestHandler] invokeController()
2014-05-30T17:19:33.420Z - debug: [RequestHandler] controller not found
2014-05-30T17:19:33.420Z - debug: [RequestHandler] process()
2014-05-30T17:19:33.420Z - info: [RequestHandler] ---------------------------------
2014-05-30T17:19:33.420Z - info: [RequestHandler] Request: service/version/my_controller.json
2014-05-30T17:19:33.420Z - info: [RequestHandler] ---------------------------------
2014-05-30T17:19:33.420Z - info: [RequestHandler] service=service
2014-05-30T17:19:33.420Z - info: [RequestHandler] version=version
2014-05-30T17:19:33.420Z - info: [RequestHandler] controller=my_controller
2014-05-30T17:19:33.420Z - info: [RequestHandler] extension=.json
2014-05-30T17:19:33.420Z - info: [RequestHandler] query={}
2014-05-30T17:19:33.420Z - info: [RequestHandler] method=put
2014-05-30T17:19:33.420Z - debug: [RequestHandler] invokeController()
2014-05-30T17:19:33.420Z - debug: [RequestHandler] method not found
2014-05-30T17:19:38.928Z - debug: [RequestHandler] process()
2014-05-30T17:19:38.931Z - info: [RequestHandler] ---------------------------------
2014-05-30T17:19:38.931Z - info: [RequestHandler] Request: service/version/my_controller.json?x=1&y=2&z=3
2014-05-30T17:19:38.931Z - info: [RequestHandler] ---------------------------------
2014-05-30T17:19:38.931Z - info: [RequestHandler] service=service
2014-05-30T17:19:38.931Z - info: [RequestHandler] version=version
2014-05-30T17:19:38.931Z - info: [RequestHandler] controller=my_controller
2014-05-30T17:19:38.931Z - info: [RequestHandler] extension=.json
2014-05-30T17:19:38.931Z - info: [RequestHandler] query={"x":"1","y":"2","z":"3"}
2014-05-30T17:19:38.931Z - info: [RequestHandler] method=post
2014-05-30T17:19:38.931Z - debug: [RequestHandler] invokeController()
2014-05-30T17:19:38.936Z - debug: [RequestHandler] process()
2014-05-30T17:19:38.936Z - info: [RequestHandler] ---------------------------------
2014-05-30T17:19:38.936Z - info: [RequestHandler] Request: service/version/my_controller.json
2014-05-30T17:19:38.936Z - info: [RequestHandler] ---------------------------------
2014-05-30T17:19:38.936Z - info: [RequestHandler] service=service
2014-05-30T17:19:38.936Z - info: [RequestHandler] version=version
2014-05-30T17:19:38.936Z - info: [RequestHandler] controller=my_controller
2014-05-30T17:19:38.936Z - info: [RequestHandler] extension=.json
2014-05-30T17:19:38.936Z - info: [RequestHandler] query={}
2014-05-30T17:19:38.936Z - info: [RequestHandler] method=put
2014-05-30T17:19:38.936Z - debug: [RequestHandler] invokeController()
2014-05-30T17:19:38.936Z - debug: [RequestHandler] method not found
2014-05-30T17:23:02.929Z - debug: [RequestHandler] process()
2014-05-30T17:23:02.931Z - info: [RequestHandler] ---------------------------------
2014-05-30T17:23:02.931Z - info: [RequestHandler] Request: service/version/my_controller.json?x=1&y=2&z=3
2014-05-30T17:23:02.931Z - info: [RequestHandler] ---------------------------------
2014-05-30T17:23:02.931Z - info: [RequestHandler] service=service
2014-05-30T17:23:02.931Z - info: [RequestHandler] version=version
2014-05-30T17:23:02.931Z - info: [RequestHandler] controller=my_controller
2014-05-30T17:23:02.931Z - info: [RequestHandler] extension=.json
2014-05-30T17:23:02.931Z - info: [RequestHandler] query={"x":"1","y":"2","z":"3"}
2014-05-30T17:23:02.931Z - info: [RequestHandler] method=post
2014-05-30T17:23:02.932Z - debug: [RequestHandler] invokeController()
2014-05-30T17:25:57.575Z - debug: [RequestHandler] process()
2014-05-30T17:25:57.578Z - info: [RequestHandler] ---------------------------------
2014-05-30T17:25:57.578Z - info: [RequestHandler] Request: service/version/my_controller.json?x=1&y=2&z=3
2014-05-30T17:25:57.578Z - info: [RequestHandler] ---------------------------------
2014-05-30T17:25:57.578Z - info: [RequestHandler] service=service
2014-05-30T17:25:57.578Z - info: [RequestHandler] version=version
2014-05-30T17:25:57.578Z - info: [RequestHandler] controller=my_controller
2014-05-30T17:25:57.578Z - info: [RequestHandler] extension=.json
2014-05-30T17:25:57.578Z - info: [RequestHandler] query={"x":"1","y":"2","z":"3"}
2014-05-30T17:25:57.578Z - info: [RequestHandler] method=post
2014-05-30T17:25:57.578Z - debug: [RequestHandler] invokeController()
2014-05-30T17:25:57.584Z - debug: [RequestHandler] process()
2014-05-30T17:25:57.585Z - info: [RequestHandler] ---------------------------------
2014-05-30T17:25:57.585Z - info: [RequestHandler] Request: service/version/invalid_controller.json
2014-05-30T17:25:57.585Z - info: [RequestHandler] ---------------------------------
2014-05-30T17:25:57.585Z - info: [RequestHandler] service=service
2014-05-30T17:25:57.585Z - info: [RequestHandler] version=version
2014-05-30T17:25:57.585Z - info: [RequestHandler] controller=invalid_controller
2014-05-30T17:25:57.585Z - info: [RequestHandler] extension=.json
2014-05-30T17:25:57.585Z - info: [RequestHandler] query={}
2014-05-30T17:25:57.585Z - info: [RequestHandler] method=post
2014-05-30T17:25:57.585Z - debug: [RequestHandler] invokeController()
2014-05-30T17:25:57.585Z - debug: [RequestHandler] process()
2014-05-30T17:25:57.585Z - info: [RequestHandler] ---------------------------------
2014-05-30T17:25:57.585Z - info: [RequestHandler] Request: service/version/my_controller.json
2014-05-30T17:25:57.585Z - info: [RequestHandler] ---------------------------------
2014-05-30T17:25:57.585Z - info: [RequestHandler] service=service
2014-05-30T17:25:57.585Z - info: [RequestHandler] version=version
2014-05-30T17:25:57.585Z - info: [RequestHandler] controller=my_controller
2014-05-30T17:25:57.585Z - info: [RequestHandler] extension=.json
2014-05-30T17:25:57.586Z - info: [RequestHandler] query={}
2014-05-30T17:25:57.586Z - info: [RequestHandler] method=put
2014-05-30T17:25:57.586Z - debug: [RequestHandler] invokeController()
2014-05-30T17:27:18.680Z - debug: [RequestHandler] process()
2014-05-30T17:27:18.683Z - info: [RequestHandler] ---------------------------------
2014-05-30T17:27:18.683Z - info: [RequestHandler] Request: service/version/my_controller.json?x=1&y=2&z=3
2014-05-30T17:27:18.683Z - info: [RequestHandler] ---------------------------------
2014-05-30T17:27:18.683Z - info: [RequestHandler] service=service
2014-05-30T17:27:18.683Z - info: [RequestHandler] version=version
2014-05-30T17:27:18.683Z - info: [RequestHandler] controller=my_controller
2014-05-30T17:27:18.683Z - info: [RequestHandler] extension=.json
2014-05-30T17:27:18.683Z - info: [RequestHandler] query={"x":"1","y":"2","z":"3"}
2014-05-30T17:27:18.683Z - info: [RequestHandler] method=post
2014-05-30T17:27:18.683Z - debug: [RequestHandler] invokeController()
2014-05-30T17:27:18.690Z - debug: [RequestHandler] process()
2014-05-30T17:27:18.690Z - info: [RequestHandler] ---------------------------------
2014-05-30T17:27:18.690Z - info: [RequestHandler] Request: service/version/my_controller.json
2014-05-30T17:27:18.690Z - info: [RequestHandler] ---------------------------------
2014-05-30T17:27:18.690Z - info: [RequestHandler] service=service
2014-05-30T17:27:18.690Z - info: [RequestHandler] version=version
2014-05-30T17:27:18.690Z - info: [RequestHandler] controller=my_controller
2014-05-30T17:27:18.690Z - info: [RequestHandler] extension=.json
2014-05-30T17:27:18.691Z - info: [RequestHandler] query={}
2014-05-30T17:27:18.691Z - info: [RequestHandler] method=put
2014-05-30T17:27:18.691Z - debug: [RequestHandler] invokeController()
2014-05-30T17:27:53.149Z - debug: [RequestHandler] process()
2014-05-30T17:27:53.152Z - info: [RequestHandler] ---------------------------------
2014-05-30T17:27:53.152Z - info: [RequestHandler] Request: service/version/my_controller.json?x=1&y=2&z=3
2014-05-30T17:27:53.152Z - info: [RequestHandler] ---------------------------------
2014-05-30T17:27:53.152Z - info: [RequestHandler] service=service
2014-05-30T17:27:53.152Z - info: [RequestHandler] version=version
2014-05-30T17:27:53.152Z - info: [RequestHandler] controller=my_controller
2014-05-30T17:27:53.152Z - info: [RequestHandler] extension=.json
2014-05-30T17:27:53.152Z - info: [RequestHandler] query={"x":"1","y":"2","z":"3"}
2014-05-30T17:27:53.152Z - info: [RequestHandler] method=post
2014-05-30T17:27:53.152Z - debug: [RequestHandler] invokeController()
2014-05-30T17:28:14.898Z - debug: [RequestHandler] process()
2014-05-30T17:28:14.901Z - info: [RequestHandler] ---------------------------------
2014-05-30T17:28:14.901Z - info: [RequestHandler] Request: service/version/my_controller.json?x=1&y=2&z=3
2014-05-30T17:28:14.901Z - info: [RequestHandler] ---------------------------------
2014-05-30T17:28:14.901Z - info: [RequestHandler] service=service
2014-05-30T17:28:14.901Z - info: [RequestHandler] version=version
2014-05-30T17:28:14.901Z - info: [RequestHandler] controller=my_controller
2014-05-30T17:28:14.901Z - info: [RequestHandler] extension=.json
2014-05-30T17:28:14.901Z - info: [RequestHandler] query={"x":"1","y":"2","z":"3"}
2014-05-30T17:28:14.901Z - info: [RequestHandler] method=post
2014-05-30T17:28:14.901Z - debug: [RequestHandler] invokeController()
2014-05-30T17:28:14.908Z - debug: [RequestHandler] process()
2014-05-30T17:28:14.908Z - info: [RequestHandler] ---------------------------------
2014-05-30T17:28:14.908Z - info: [RequestHandler] Request: service/version/my_controller.json
2014-05-30T17:28:14.908Z - info: [RequestHandler] ---------------------------------
2014-05-30T17:28:14.908Z - info: [RequestHandler] service=service
2014-05-30T17:28:14.908Z - info: [RequestHandler] version=version
2014-05-30T17:28:14.908Z - info: [RequestHandler] controller=my_controller
2014-05-30T17:28:14.908Z - info: [RequestHandler] extension=.json
2014-05-30T17:28:14.908Z - info: [RequestHandler] query={}
2014-05-30T17:28:14.908Z - info: [RequestHandler] method=put
2014-05-30T17:28:14.908Z - debug: [RequestHandler] invokeController()
2014-05-30T17:28:14.908Z - debug: [RequestHandler] method not found
2014-05-30T17:28:29.126Z - debug: [RequestHandler] process()
2014-05-30T17:28:29.129Z - info: [RequestHandler] ---------------------------------
2014-05-30T17:28:29.129Z - info: [RequestHandler] Request: service/version/my_controller.json?x=1&y=2&z=3
2014-05-30T17:28:29.129Z - info: [RequestHandler] ---------------------------------
2014-05-30T17:28:29.129Z - info: [RequestHandler] service=service
2014-05-30T17:28:29.129Z - info: [RequestHandler] version=version
2014-05-30T17:28:29.129Z - info: [RequestHandler] controller=my_controller
2014-05-30T17:28:29.129Z - info: [RequestHandler] extension=.json
2014-05-30T17:28:29.129Z - info: [RequestHandler] query={"x":"1","y":"2","z":"3"}
2014-05-30T17:28:29.129Z - info: [RequestHandler] method=post
2014-05-30T17:28:29.129Z - debug: [RequestHandler] invokeController()
2014-05-30T17:28:29.135Z - debug: [RequestHandler] process()
2014-05-30T17:28:29.135Z - info: [RequestHandler] ---------------------------------
2014-05-30T17:28:29.135Z - info: [RequestHandler] Request: service/version/invalid_controller.json
2014-05-30T17:28:29.135Z - info: [RequestHandler] ---------------------------------
2014-05-30T17:28:29.135Z - info: [RequestHandler] service=service
2014-05-30T17:28:29.135Z - info: [RequestHandler] version=version
2014-05-30T20:14:03.121Z - error: uncaughtException: Object #<NRCM> has no method 'loadConfiguration' date=Fri May 30 2014 17:14:03 GMT-0300 (Hora oficial do Brasil), pid=5516, uid=null, gid=null, cwd=c:\Projects\nrcm, execPath=C:\Program Files (x86)\nodejs\node.exe, version=v0.10.28, argv=[node, c:\Projects\nrcm\index.js], rss=13905920, heapTotal=7130752, heapUsed=2538428, loadavg=[0, 0, 0], uptime=75868.697522, trace=[column=6, file=c:\Projects\nrcm\index.js, function=, line=3, method=null, native=false, column=26, file=module.js, function=Module._compile, line=456, method=_compile, native=false, column=10, file=module.js, function=Object.Module._extensions..js, line=474, method=Module._extensions..js, native=false, column=32, file=module.js, function=Module.load, line=356, method=load, native=false, column=12, file=module.js, function=Function.Module._load, line=312, method=Module._load, native=false, column=10, file=module.js, function=Function.Module.runMain, line=497, method=Module.runMain, native=false, column=16, file=node.js, function=startup, line=119, method=null, native=false, column=3, file=node.js, function=null, line=906, method=null, native=false], stack=[TypeError: Object #<NRCM> has no method 'loadConfiguration',     at Object.<anonymous> (c:\Projects\nrcm\index.js:3:6),     at Module._compile (module.js:456:26),     at Object.Module._extensions..js (module.js:474:10),     at Module.load (module.js:356:32),     at Function.Module._load (module.js:312:12),     at Function.Module.runMain (module.js:497:10),     at startup (node.js:119:16),     at node.js:906:3]
2014-05-30T20:14:08.028Z - error: uncaughtException: Object #<NRCM> has no method 'configure' date=Fri May 30 2014 17:14:08 GMT-0300 (Hora oficial do Brasil), pid=4736, uid=null, gid=null, cwd=c:\Projects\nrcm, execPath=C:\Program Files (x86)\nodejs\node.exe, version=v0.10.28, argv=[node, c:\Projects\nrcm\index.js], rss=13869056, heapTotal=7130752, heapUsed=2538364, loadavg=[0, 0, 0], uptime=75873.6038026, trace=[column=6, file=c:\Projects\nrcm\index.js, function=, line=3, method=null, native=false, column=26, file=module.js, function=Module._compile, line=456, method=_compile, native=false, column=10, file=module.js, function=Object.Module._extensions..js, line=474, method=Module._extensions..js, native=false, column=32, file=module.js, function=Module.load, line=356, method=load, native=false, column=12, file=module.js, function=Function.Module._load, line=312, method=Module._load, native=false, column=10, file=module.js, function=Function.Module.runMain, line=497, method=Module.runMain, native=false, column=16, file=node.js, function=startup, line=119, method=null, native=false, column=3, file=node.js, function=null, line=906, method=null, native=false], stack=[TypeError: Object #<NRCM> has no method 'configure',     at Object.<anonymous> (c:\Projects\nrcm\index.js:3:6),     at Module._compile (module.js:456:26),     at Object.Module._extensions..js (module.js:474:10),     at Module.load (module.js:356:32),     at Function.Module._load (module.js:312:12),     at Function.Module.runMain (module.js:497:10),     at startup (node.js:119:16),     at node.js:906:3]
2014-05-30T20:14:23.089Z - error: uncaughtException: Object #<NRCM> has no method 'configure' date=Fri May 30 2014 17:14:23 GMT-0300 (Hora oficial do Brasil), pid=8788, uid=null, gid=null, cwd=c:\Projects\nrcm, execPath=C:\Program Files (x86)\nodejs\node.exe, version=v0.10.28, argv=[node, c:\Projects\nrcm\index.js], rss=13856768, heapTotal=7130752, heapUsed=2538364, loadavg=[0, 0, 0], uptime=75888.6656641, trace=[column=6, file=c:\Projects\nrcm\index.js, function=, line=3, method=null, native=false, column=26, file=module.js, function=Module._compile, line=456, method=_compile, native=false, column=10, file=module.js, function=Object.Module._extensions..js, line=474, method=Module._extensions..js, native=false, column=32, file=module.js, function=Module.load, line=356, method=load, native=false, column=12, file=module.js, function=Function.Module._load, line=312, method=Module._load, native=false, column=10, file=module.js, function=Function.Module.runMain, line=497, method=Module.runMain, native=false, column=16, file=node.js, function=startup, line=119, method=null, native=false, column=3, file=node.js, function=null, line=906, method=null, native=false], stack=[TypeError: Object #<NRCM> has no method 'configure',     at Object.<anonymous> (c:\Projects\nrcm\index.js:3:6),     at Module._compile (module.js:456:26),     at Object.Module._extensions..js (module.js:474:10),     at Module.load (module.js:356:32),     at Function.Module._load (module.js:312:12),     at Function.Module.runMain (module.js:497:10),     at startup (node.js:119:16),     at node.js:906:3]
2014-05-30T20:16:53.379Z - error: uncaughtException: Object #<NRCM> has no method 'createApplication' date=Fri May 30 2014 17:16:53 GMT-0300 (Hora oficial do Brasil), pid=8296, uid=null, gid=null, cwd=c:\Projects\nrcm, execPath=C:\Program Files (x86)\nodejs\node.exe, version=v0.10.28, argv=[node, c:\Projects\nrcm\index.js], rss=13856768, heapTotal=7130752, heapUsed=2540928, loadavg=[0, 0, 0], uptime=76038.9542601, trace=[column=6, file=c:\Projects\nrcm\index.js, function=, line=3, method=null, native=false, column=26, file=module.js, function=Module._compile, line=456, method=_compile, native=false, column=10, file=module.js, function=Object.Module._extensions..js, line=474, method=Module._extensions..js, native=false, column=32, file=module.js, function=Module.load, line=356, method=load, native=false, column=12, file=module.js, function=Function.Module._load, line=312, method=Module._load, native=false, column=10, file=module.js, function=Function.Module.runMain, line=497, method=Module.runMain, native=false, column=16, file=node.js, function=startup, line=119, method=null, native=false, column=3, file=node.js, function=null, line=906, method=null, native=false], stack=[TypeError: Object #<NRCM> has no method 'createApplication',     at Object.<anonymous> (c:\Projects\nrcm\index.js:3:6),     at Module._compile (module.js:456:26),     at Object.Module._extensions..js (module.js:474:10),     at Module.load (module.js:356:32),     at Function.Module._load (module.js:312:12),     at Function.Module.runMain (module.js:497:10),     at startup (node.js:119:16),     at node.js:906:3]
2014-05-30T20:16:58.322Z - error: uncaughtException: Object #<NRCM> has no method 'createApplication' date=Fri May 30 2014 17:16:58 GMT-0300 (Hora oficial do Brasil), pid=8336, uid=null, gid=null, cwd=c:\Projects\nrcm, execPath=C:\Program Files (x86)\nodejs\node.exe, version=v0.10.28, argv=[node, c:\Projects\nrcm\index.js], rss=13881344, heapTotal=7130752, heapUsed=2540924, loadavg=[0, 0, 0], uptime=76043.8975428, trace=[column=6, file=c:\Projects\nrcm\index.js, function=, line=3, method=null, native=false, column=26, file=module.js, function=Module._compile, line=456, method=_compile, native=false, column=10, file=module.js, function=Object.Module._extensions..js, line=474, method=Module._extensions..js, native=false, column=32, file=module.js, function=Module.load, line=356, method=load, native=false, column=12, file=module.js, function=Function.Module._load, line=312, method=Module._load, native=false, column=10, file=module.js, function=Function.Module.runMain, line=497, method=Module.runMain, native=false, column=16, file=node.js, function=startup, line=119, method=null, native=false, column=3, file=node.js, function=null, line=906, method=null, native=false], stack=[TypeError: Object #<NRCM> has no method 'createApplication',     at Object.<anonymous> (c:\Projects\nrcm\index.js:3:6),     at Module._compile (module.js:456:26),     at Object.Module._extensions..js (module.js:474:10),     at Module.load (module.js:356:32),     at Function.Module._load (module.js:312:12),     at Function.Module.runMain (module.js:497:10),     at startup (node.js:119:16),     at node.js:906:3]
2014-05-30T20:18:23.498Z - error: uncaughtException: Cannot set property 'basePath' of undefined date=Fri May 30 2014 17:18:23 GMT-0300 (Hora oficial do Brasil), pid=5776, uid=null, gid=null, cwd=c:\Projects\nrcm, execPath=C:\Program Files (x86)\nodejs\node.exe, version=v0.10.28, argv=[node, c:\Projects\nrcm\index.js], rss=13860864, heapTotal=7130752, heapUsed=2537736, loadavg=[0, 0, 0], uptime=76129.0744147, trace=[column=41, file=c:\Projects\nrcm\lib\nrcm.js, function=NRCM.createApplication, line=24, method=createApplication, native=false, column=6, file=c:\Projects\nrcm\index.js, function=, line=3, method=null, native=false, column=26, file=module.js, function=Module._compile, line=456, method=_compile, native=false, column=10, file=module.js, function=Object.Module._extensions..js, line=474, method=Module._extensions..js, native=false, column=32, file=module.js, function=Module.load, line=356, method=load, native=false, column=12, file=module.js, function=Function.Module._load, line=312, method=Module._load, native=false, column=10, file=module.js, function=Function.Module.runMain, line=497, method=Module.runMain, native=false, column=16, file=node.js, function=startup, line=119, method=null, native=false, column=3, file=node.js, function=null, line=906, method=null, native=false], stack=[TypeError: Cannot set property 'basePath' of undefined,     at NRCM.createApplication (c:\Projects\nrcm\lib\nrcm.js:24:41),     at Object.<anonymous> (c:\Projects\nrcm\index.js:3:6),     at Module._compile (module.js:456:26),     at Object.Module._extensions..js (module.js:474:10),     at Module.load (module.js:356:32),     at Function.Module._load (module.js:312:12),     at Function.Module.runMain (module.js:497:10),     at startup (node.js:119:16),     at node.js:906:3]
2014-05-30T20:18:48.451Z - error: uncaughtException: Cannot set property 'basePath' of undefined date=Fri May 30 2014 17:18:48 GMT-0300 (Hora oficial do Brasil), pid=8344, uid=null, gid=null, cwd=c:\Projects\nrcm, execPath=C:\Program Files (x86)\nodejs\node.exe, version=v0.10.28, argv=[node, c:\Projects\nrcm\index.js], rss=13889536, heapTotal=7130752, heapUsed=2537740, loadavg=[0, 0, 0], uptime=76154.0268419, trace=[column=41, file=c:\Projects\nrcm\lib\nrcm.js, function=NRCM.createApplication, line=24, method=createApplication, native=false, column=6, file=c:\Projects\nrcm\index.js, function=, line=3, method=null, native=false, column=26, file=module.js, function=Module._compile, line=456, method=_compile, native=false, column=10, file=module.js, function=Object.Module._extensions..js, line=474, method=Module._extensions..js, native=false, column=32, file=module.js, function=Module.load, line=356, method=load, native=false, column=12, file=module.js, function=Function.Module._load, line=312, method=Module._load, native=false, column=10, file=module.js, function=Function.Module.runMain, line=497, method=Module.runMain, native=false, column=16, file=node.js, function=startup, line=119, method=null, native=false, column=3, file=node.js, function=null, line=906, method=null, native=false], stack=[TypeError: Cannot set property 'basePath' of undefined,     at NRCM.createApplication (c:\Projects\nrcm\lib\nrcm.js:24:41),     at Object.<anonymous> (c:\Projects\nrcm\index.js:3:6),     at Module._compile (module.js:456:26),     at Object.Module._extensions..js (module.js:474:10),     at Module.load (module.js:356:32),     at Function.Module._load (module.js:312:12),     at Function.Module.runMain (module.js:497:10),     at startup (node.js:119:16),     at node.js:906:3]
2014-05-30T20:19:23.517Z - error: uncaughtException: Cannot set property 'basePath' of undefined date=Fri May 30 2014 17:19:23 GMT-0300 (Hora oficial do Brasil), pid=5880, uid=null, gid=null, cwd=c:\Projects\nrcm, execPath=C:\Program Files (x86)\nodejs\node.exe, version=v0.10.28, argv=[node, c:\Projects\nrcm\index.js], rss=13869056, heapTotal=7130752, heapUsed=2537740, loadavg=[0, 0, 0], uptime=76189.0928475, trace=[column=41, file=c:\Projects\nrcm\lib\nrcm.js, function=NRCM.createApplication, line=24, method=createApplication, native=false, column=6, file=c:\Projects\nrcm\index.js, function=, line=3, method=null, native=false, column=26, file=module.js, function=Module._compile, line=456, method=_compile, native=false, column=10, file=module.js, function=Object.Module._extensions..js, line=474, method=Module._extensions..js, native=false, column=32, file=module.js, function=Module.load, line=356, method=load, native=false, column=12, file=module.js, function=Function.Module._load, line=312, method=Module._load, native=false, column=10, file=module.js, function=Function.Module.runMain, line=497, method=Module.runMain, native=false, column=16, file=node.js, function=startup, line=119, method=null, native=false, column=3, file=node.js, function=null, line=906, method=null, native=false], stack=[TypeError: Cannot set property 'basePath' of undefined,     at NRCM.createApplication (c:\Projects\nrcm\lib\nrcm.js:24:41),     at Object.<anonymous> (c:\Projects\nrcm\index.js:3:6),     at Module._compile (module.js:456:26),     at Object.Module._extensions..js (module.js:474:10),     at Module.load (module.js:356:32),     at Function.Module._load (module.js:312:12),     at Function.Module.runMain (module.js:497:10),     at startup (node.js:119:16),     at node.js:906:3]
2014-05-30T20:20:18.634Z - error: uncaughtException: Cannot set property 'basePath' of undefined date=Fri May 30 2014 17:20:18 GMT-0300 (Hora oficial do Brasil), pid=8640, uid=null, gid=null, cwd=c:\Projects\nrcm, execPath=C:\Program Files (x86)\nodejs\node.exe, version=v0.10.28, argv=[node, c:\Projects\nrcm\index.js], rss=13889536, heapTotal=7130752, heapUsed=2539448, loadavg=[0, 0, 0], uptime=76244.2079999, trace=[column=41, file=c:\Projects\nrcm\lib\nrcm.js, function=NRCM.createApplication, line=31, method=createApplication, native=false, column=6, file=c:\Projects\nrcm\index.js, function=, line=3, method=null, native=false, column=26, file=module.js, function=Module._compile, line=456, method=_compile, native=false, column=10, file=module.js, function=Object.Module._extensions..js, line=474, method=Module._extensions..js, native=false, column=32, file=module.js, function=Module.load, line=356, method=load, native=false, column=12, file=module.js, function=Function.Module._load, line=312, method=Module._load, native=false, column=10, file=module.js, function=Function.Module.runMain, line=497, method=Module.runMain, native=false, column=16, file=node.js, function=startup, line=119, method=null, native=false, column=3, file=node.js, function=null, line=906, method=null, native=false], stack=[TypeError: Cannot set property 'basePath' of undefined,     at NRCM.createApplication (c:\Projects\nrcm\lib\nrcm.js:31:41),     at Object.<anonymous> (c:\Projects\nrcm\index.js:3:6),     at Module._compile (module.js:456:26),     at Object.Module._extensions..js (module.js:474:10),     at Module.load (module.js:356:32),     at Function.Module._load (module.js:312:12),     at Function.Module.runMain (module.js:497:10),     at startup (node.js:119:16),     at node.js:906:3]
2014-05-30T20:20:23.652Z - error: uncaughtException: Cannot set property 'basePath' of undefined date=Fri May 30 2014 17:20:23 GMT-0300 (Hora oficial do Brasil), pid=8464, uid=null, gid=null, cwd=c:\Projects\nrcm, execPath=C:\Program Files (x86)\nodejs\node.exe, version=v0.10.28, argv=[node, c:\Projects\nrcm\index.js], rss=13889536, heapTotal=7130752, heapUsed=2539456, loadavg=[0, 0, 0], uptime=76249.2282871, trace=[column=41, file=c:\Projects\nrcm\lib\nrcm.js, function=NRCM.createApplication, line=31, method=createApplication, native=false, column=6, file=c:\Projects\nrcm\index.js, function=, line=3, method=null, native=false, column=26, file=module.js, function=Module._compile, line=456, method=_compile, native=false, column=10, file=module.js, function=Object.Module._extensions..js, line=474, method=Module._extensions..js, native=false, column=32, file=module.js, function=Module.load, line=356, method=load, native=false, column=12, file=module.js, function=Function.Module._load, line=312, method=Module._load, native=false, column=10, file=module.js, function=Function.Module.runMain, line=497, method=Module.runMain, native=false, column=16, file=node.js, function=startup, line=119, method=null, native=false, column=3, file=node.js, function=null, line=906, method=null, native=false], stack=[TypeError: Cannot set property 'basePath' of undefined,     at NRCM.createApplication (c:\Projects\nrcm\lib\nrcm.js:31:41),     at Object.<anonymous> (c:\Projects\nrcm\index.js:3:6),     at Module._compile (module.js:456:26),     at Object.Module._extensions..js (module.js:474:10),     at Module.load (module.js:356:32),     at Function.Module._load (module.js:312:12),     at Function.Module.runMain (module.js:497:10),     at startup (node.js:119:16),     at node.js:906:3]
2014-05-30T20:20:28.704Z - error: uncaughtException: Cannot set property 'basePath' of undefined date=Fri May 30 2014 17:20:28 GMT-0300 (Hora oficial do Brasil), pid=7724, uid=null, gid=null, cwd=c:\Projects\nrcm, execPath=C:\Program Files (x86)\nodejs\node.exe, version=v0.10.28, argv=[node, c:\Projects\nrcm\index.js], rss=13893632, heapTotal=7130752, heapUsed=2539456, loadavg=[0, 0, 0], uptime=76254.2805761, trace=[column=41, file=c:\Projects\nrcm\lib\nrcm.js, function=NRCM.createApplication, line=31, method=createApplication, native=false, column=6, file=c:\Projects\nrcm\index.js, function=, line=3, method=null, native=false, column=26, file=module.js, function=Module._compile, line=456, method=_compile, native=false, column=10, file=module.js, function=Object.Module._extensions..js, line=474, method=Module._extensions..js, native=false, column=32, file=module.js, function=Module.load, line=356, method=load, native=false, column=12, file=module.js, function=Function.Module._load, line=312, method=Module._load, native=false, column=10, file=module.js, function=Function.Module.runMain, line=497, method=Module.runMain, native=false, column=16, file=node.js, function=startup, line=119, method=null, native=false, column=3, file=node.js, function=null, line=906, method=null, native=false], stack=[TypeError: Cannot set property 'basePath' of undefined,     at NRCM.createApplication (c:\Projects\nrcm\lib\nrcm.js:31:41),     at Object.<anonymous> (c:\Projects\nrcm\index.js:3:6),     at Module._compile (module.js:456:26),     at Object.Module._extensions..js (module.js:474:10),     at Module.load (module.js:356:32),     at Function.Module._load (module.js:312:12),     at Function.Module.runMain (module.js:497:10),     at startup (node.js:119:16),     at node.js:906:3]
2014-05-30T20:20:58.680Z - error: uncaughtException: Cannot set property 'basePath' of undefined date=Fri May 30 2014 17:20:58 GMT-0300 (Hora oficial do Brasil), pid=5776, uid=null, gid=null, cwd=c:\Projects\nrcm, execPath=C:\Program Files (x86)\nodejs\node.exe, version=v0.10.28, argv=[node, c:\Projects\nrcm\index.js], rss=13860864, heapTotal=7130752, heapUsed=2539620, loadavg=[0, 0, 0], uptime=76284.2572906, trace=[column=41, file=c:\Projects\nrcm\lib\nrcm.js, function=NRCM.createApplication, line=32, method=createApplication, native=false, column=6, file=c:\Projects\nrcm\index.js, function=, line=3, method=null, native=false, column=26, file=module.js, function=Module._compile, line=456, method=_compile, native=false, column=10, file=module.js, function=Object.Module._extensions..js, line=474, method=Module._extensions..js, native=false, column=32, file=module.js, function=Module.load, line=356, method=load, native=false, column=12, file=module.js, function=Function.Module._load, line=312, method=Module._load, native=false, column=10, file=module.js, function=Function.Module.runMain, line=497, method=Module.runMain, native=false, column=16, file=node.js, function=startup, line=119, method=null, native=false, column=3, file=node.js, function=null, line=906, method=null, native=false], stack=[TypeError: Cannot set property 'basePath' of undefined,     at NRCM.createApplication (c:\Projects\nrcm\lib\nrcm.js:32:41),     at Object.<anonymous> (c:\Projects\nrcm\index.js:3:6),     at Module._compile (module.js:456:26),     at Object.Module._extensions..js (module.js:474:10),     at Module.load (module.js:356:32),     at Function.Module._load (module.js:312:12),     at Function.Module.runMain (module.js:497:10),     at startup (node.js:119:16),     at node.js:906:3]
2014-05-30T20:21:18.679Z - error: uncaughtException: Cannot set property 'basePath' of undefined date=Fri May 30 2014 17:21:18 GMT-0300 (Hora oficial do Brasil), pid=8720, uid=null, gid=null, cwd=c:\Projects\nrcm, execPath=C:\Program Files (x86)\nodejs\node.exe, version=v0.10.28, argv=[node, c:\Projects\nrcm\index.js], rss=13811712, heapTotal=7130752, heapUsed=2539640, loadavg=[0, 0, 0], uptime=76304.2564345, trace=[column=41, file=c:\Projects\nrcm\lib\nrcm.js, function=NRCM.createApplication, line=32, method=createApplication, native=false, column=6, file=c:\Projects\nrcm\index.js, function=, line=3, method=null, native=false, column=26, file=module.js, function=Module._compile, line=456, method=_compile, native=false, column=10, file=module.js, function=Object.Module._extensions..js, line=474, method=Module._extensions..js, native=false, column=32, file=module.js, function=Module.load, line=356, method=load, native=false, column=12, file=module.js, function=Function.Module._load, line=312, method=Module._load, native=false, column=10, file=module.js, function=Function.Module.runMain, line=497, method=Module.runMain, native=false, column=16, file=node.js, function=startup, line=119, method=null, native=false, column=3, file=node.js, function=null, line=906, method=null, native=false], stack=[TypeError: Cannot set property 'basePath' of undefined,     at NRCM.createApplication (c:\Projects\nrcm\lib\nrcm.js:32:41),     at Object.<anonymous> (c:\Projects\nrcm\index.js:3:6),     at Module._compile (module.js:456:26),     at Object.Module._extensions..js (module.js:474:10),     at Module.load (module.js:356:32),     at Function.Module._load (module.js:312:12),     at Function.Module.runMain (module.js:497:10),     at startup (node.js:119:16),     at node.js:906:3]
2014-05-30T20:21:43.767Z - error: uncaughtException: Cannot set property 'basePath' of undefined date=Fri May 30 2014 17:21:43 GMT-0300 (Hora oficial do Brasil), pid=8576, uid=null, gid=null, cwd=c:\Projects\nrcm, execPath=C:\Program Files (x86)\nodejs\node.exe, version=v0.10.28, argv=[node, c:\Projects\nrcm\index.js], rss=13869056, heapTotal=7130752, heapUsed=2539272, loadavg=[0, 0, 0], uptime=76329.3438694, trace=[column=18, file=c:\Projects\nrcm\lib\nrcm.js, function=NRCM.createApplication, line=34, method=createApplication, native=false, column=6, file=c:\Projects\nrcm\index.js, function=, line=3, method=null, native=false, column=26, file=module.js, function=Module._compile, line=456, method=_compile, native=false, column=10, file=module.js, function=Object.Module._extensions..js, line=474, method=Module._extensions..js, native=false, column=32, file=module.js, function=Module.load, line=356, method=load, native=false, column=12, file=module.js, function=Function.Module._load, line=312, method=Module._load, native=false, column=10, file=module.js, function=Function.Module.runMain, line=497, method=Module.runMain, native=false, column=16, file=node.js, function=startup, line=119, method=null, native=false, column=3, file=node.js, function=null, line=906, method=null, native=false], stack=[TypeError: Cannot set property 'basePath' of undefined,     at NRCM.createApplication (c:\Projects\nrcm\lib\nrcm.js:34:18),     at Object.<anonymous> (c:\Projects\nrcm\index.js:3:6),     at Module._compile (module.js:456:26),     at Object.Module._extensions..js (module.js:474:10),     at Module.load (module.js:356:32),     at Function.Module._load (module.js:312:12),     at Function.Module.runMain (module.js:497:10),     at startup (node.js:119:16),     at node.js:906:3]
2014-05-30T20:22:08.767Z - error: uncaughtException: Cannot set property 'basePath' of undefined date=Fri May 30 2014 17:22:08 GMT-0300 (Hora oficial do Brasil), pid=6252, uid=null, gid=null, cwd=c:\Projects\nrcm, execPath=C:\Program Files (x86)\nodejs\node.exe, version=v0.10.28, argv=[node, c:\Projects\nrcm\index.js], rss=13869056, heapTotal=7130752, heapUsed=2539332, loadavg=[0, 0, 0], uptime=76354.3412992, trace=[column=18, file=c:\Projects\nrcm\lib\nrcm.js, function=NRCM.createApplication, line=34, method=createApplication, native=false, column=6, file=c:\Projects\nrcm\index.js, function=, line=3, method=null, native=false, column=26, file=module.js, function=Module._compile, line=456, method=_compile, native=false, column=10, file=module.js, function=Object.Module._extensions..js, line=474, method=Module._extensions..js, native=false, column=32, file=module.js, function=Module.load, line=356, method=load, native=false, column=12, file=module.js, function=Function.Module._load, line=312, method=Module._load, native=false, column=10, file=module.js, function=Function.Module.runMain, line=497, method=Module.runMain, native=false, column=16, file=node.js, function=startup, line=119, method=null, native=false, column=3, file=node.js, function=null, line=906, method=null, native=false], stack=[TypeError: Cannot set property 'basePath' of undefined,     at NRCM.createApplication (c:\Projects\nrcm\lib\nrcm.js:34:18),     at Object.<anonymous> (c:\Projects\nrcm\index.js:3:6),     at Module._compile (module.js:456:26),     at Object.Module._extensions..js (module.js:474:10),     at Module.load (module.js:356:32),     at Function.Module._load (module.js:312:12),     at Function.Module.runMain (module.js:497:10),     at startup (node.js:119:16),     at node.js:906:3]
2014-05-30T20:22:23.792Z - error: uncaughtException: Cannot set property 'basePath' of undefined date=Fri May 30 2014 17:22:23 GMT-0300 (Hora oficial do Brasil), pid=5304, uid=null, gid=null, cwd=c:\Projects\nrcm, execPath=C:\Program Files (x86)\nodejs\node.exe, version=v0.10.28, argv=[node, c:\Projects\nrcm\index.js], rss=13864960, heapTotal=7130752, heapUsed=2539324, loadavg=[0, 0, 0], uptime=76369.3691587, trace=[column=18, file=c:\Projects\nrcm\lib\nrcm.js, function=NRCM.createApplication, line=34, method=createApplication, native=false, column=6, file=c:\Projects\nrcm\index.js, function=, line=3, method=null, native=false, column=26, file=module.js, function=Module._compile, line=456, method=_compile, native=false, column=10, file=module.js, function=Object.Module._extensions..js, line=474, method=Module._extensions..js, native=false, column=32, file=module.js, function=Module.load, line=356, method=load, native=false, column=12, file=module.js, function=Function.Module._load, line=312, method=Module._load, native=false, column=10, file=module.js, function=Function.Module.runMain, line=497, method=Module.runMain, native=false, column=16, file=node.js, function=startup, line=119, method=null, native=false, column=3, file=node.js, function=null, line=906, method=null, native=false], stack=[TypeError: Cannot set property 'basePath' of undefined,     at NRCM.createApplication (c:\Projects\nrcm\lib\nrcm.js:34:18),     at Object.<anonymous> (c:\Projects\nrcm\index.js:3:6),     at Module._compile (module.js:456:26),     at Object.Module._extensions..js (module.js:474:10),     at Module.load (module.js:356:32),     at Function.Module._load (module.js:312:12),     at Function.Module.runMain (module.js:497:10),     at startup (node.js:119:16),     at node.js:906:3]
2014-05-30T20:23:13.937Z - error: uncaughtException: Cannot set property 'basePath' of undefined date=Fri May 30 2014 17:23:13 GMT-0300 (Hora oficial do Brasil), pid=4048, uid=null, gid=null, cwd=c:\Projects\nrcm, execPath=C:\Program Files (x86)\nodejs\node.exe, version=v0.10.28, argv=[node, c:\Projects\nrcm\index.js], rss=13864960, heapTotal=7130752, heapUsed=2539324, loadavg=[0, 0, 0], uptime=76419.5120267, trace=[column=18, file=c:\Projects\nrcm\lib\nrcm.js, function=NRCM.createApplication, line=34, method=createApplication, native=false, column=6, file=c:\Projects\nrcm\index.js, function=, line=3, method=null, native=false, column=26, file=module.js, function=Module._compile, line=456, method=_compile, native=false, column=10, file=module.js, function=Object.Module._extensions..js, line=474, method=Module._extensions..js, native=false, column=32, file=module.js, function=Module.load, line=356, method=load, native=false, column=12, file=module.js, function=Function.Module._load, line=312, method=Module._load, native=false, column=10, file=module.js, function=Function.Module.runMain, line=497, method=Module.runMain, native=false, column=16, file=node.js, function=startup, line=119, method=null, native=false, column=3, file=node.js, function=null, line=906, method=null, native=false], stack=[TypeError: Cannot set property 'basePath' of undefined,     at NRCM.createApplication (c:\Projects\nrcm\lib\nrcm.js:34:18),     at Object.<anonymous> (c:\Projects\nrcm\index.js:3:6),     at Module._compile (module.js:456:26),     at Object.Module._extensions..js (module.js:474:10),     at Module.load (module.js:356:32),     at Function.Module._load (module.js:312:12),     at Function.Module.runMain (module.js:497:10),     at startup (node.js:119:16),     at node.js:906:3]
2014-05-30T20:23:18.918Z - error: uncaughtException: Object #<NRCM> has no method 'createApplication' date=Fri May 30 2014 17:23:18 GMT-0300 (Hora oficial do Brasil), pid=5900, uid=null, gid=null, cwd=c:\Projects\nrcm, execPath=C:\Program Files (x86)\nodejs\node.exe, version=v0.10.28, argv=[node, c:\Projects\nrcm\index.js], rss=13877248, heapTotal=7130752, heapUsed=2534864, loadavg=[0, 0, 0], uptime=76424.4953118, trace=[column=6, file=c:\Projects\nrcm\index.js, function=, line=3, method=null, native=false, column=26, file=module.js, function=Module._compile, line=456, method=_compile, native=false, column=10, file=module.js, function=Object.Module._extensions..js, line=474, method=Module._extensions..js, native=false, column=32, file=module.js, function=Module.load, line=356, method=load, native=false, column=12, file=module.js, function=Function.Module._load, line=312, method=Module._load, native=false, column=10, file=module.js, function=Function.Module.runMain, line=497, method=Module.runMain, native=false, column=16, file=node.js, function=startup, line=119, method=null, native=false, column=3, file=node.js, function=null, line=906, method=null, native=false], stack=[TypeError: Object #<NRCM> has no method 'createApplication',     at Object.<anonymous> (c:\Projects\nrcm\index.js:3:6),     at Module._compile (module.js:456:26),     at Object.Module._extensions..js (module.js:474:10),     at Module.load (module.js:356:32),     at Function.Module._load (module.js:312:12),     at Function.Module.runMain (module.js:497:10),     at startup (node.js:119:16),     at node.js:906:3]
2014-05-30T20:23:53.782Z - error: uncaughtException: Object #<NRCM> has no method 'createApplication' date=Fri May 30 2014 17:23:53 GMT-0300 (Hora oficial do Brasil), pid=7664, uid=null, gid=null, cwd=c:\Projects\nrcm, execPath=C:\Program Files (x86)\nodejs\node.exe, version=v0.10.28, argv=[node, c:\Projects\nrcm\index.js], rss=13869056, heapTotal=7130752, heapUsed=2534864, loadavg=[0, 0, 0], uptime=76459.3593059, trace=[column=6, file=c:\Projects\nrcm\index.js, function=, line=3, method=null, native=false, column=26, file=module.js, function=Module._compile, line=456, method=_compile, native=false, column=10, file=module.js, function=Object.Module._extensions..js, line=474, method=Module._extensions..js, native=false, column=32, file=module.js, function=Module.load, line=356, method=load, native=false, column=12, file=module.js, function=Function.Module._load, line=312, method=Module._load, native=false, column=10, file=module.js, function=Function.Module.runMain, line=497, method=Module.runMain, native=false, column=16, file=node.js, function=startup, line=119, method=null, native=false, column=3, file=node.js, function=null, line=906, method=null, native=false], stack=[TypeError: Object #<NRCM> has no method 'createApplication',     at Object.<anonymous> (c:\Projects\nrcm\index.js:3:6),     at Module._compile (module.js:456:26),     at Object.Module._extensions..js (module.js:474:10),     at Module.load (module.js:356:32),     at Function.Module._load (module.js:312:12),     at Function.Module.runMain (module.js:497:10),     at startup (node.js:119:16),     at node.js:906:3]
2014-05-30T20:23:55.576Z - error: uncaughtException: Object #<NRCM> has no method 'createApplication' date=Fri May 30 2014 17:23:55 GMT-0300 (Hora oficial do Brasil), pid=8736, uid=null, gid=null, cwd=c:\Projects\nrcm, execPath=C:\Program Files (x86)\nodejs\node.exe, version=v0.10.28, argv=[node, c:\Projects\nrcm\index.js], rss=13881344, heapTotal=7130752, heapUsed=2534864, loadavg=[0, 0, 0], uptime=76461.1534085, trace=[column=6, file=c:\Projects\nrcm\index.js, function=, line=3, method=null, native=false, column=26, file=module.js, function=Module._compile, line=456, method=_compile, native=false, column=10, file=module.js, function=Object.Module._extensions..js, line=474, method=Module._extensions..js, native=false, column=32, file=module.js, function=Module.load, line=356, method=load, native=false, column=12, file=module.js, function=Function.Module._load, line=312, method=Module._load, native=false, column=10, file=module.js, function=Function.Module.runMain, line=497, method=Module.runMain, native=false, column=16, file=node.js, function=startup, line=119, method=null, native=false, column=3, file=node.js, function=null, line=906, method=null, native=false], stack=[TypeError: Object #<NRCM> has no method 'createApplication',     at Object.<anonymous> (c:\Projects\nrcm\index.js:3:6),     at Module._compile (module.js:456:26),     at Object.Module._extensions..js (module.js:474:10),     at Module.load (module.js:356:32),     at Function.Module._load (module.js:312:12),     at Function.Module.runMain (module.js:497:10),     at startup (node.js:119:16),     at node.js:906:3]
2014-05-30T20:24:05.357Z - error: uncaughtException: Cannot set property 'basePath' of undefined date=Fri May 30 2014 17:24:05 GMT-0300 (Hora oficial do Brasil), pid=2432, uid=null, gid=null, cwd=c:\Projects\nrcm, execPath=C:\Program Files (x86)\nodejs\node.exe, version=v0.10.28, argv=[node, c:\Projects\nrcm\index.js], rss=13856768, heapTotal=7130752, heapUsed=2539232, loadavg=[0, 0, 0], uptime=76470.9339679, trace=[column=18, file=c:\Projects\nrcm\lib\nrcm.js, function=NRCM.create, line=34, method=create, native=false, column=6, file=c:\Projects\nrcm\index.js, function=, line=3, method=null, native=false, column=26, file=module.js, function=Module._compile, line=456, method=_compile, native=false, column=10, file=module.js, function=Object.Module._extensions..js, line=474, method=Module._extensions..js, native=false, column=32, file=module.js, function=Module.load, line=356, method=load, native=false, column=12, file=module.js, function=Function.Module._load, line=312, method=Module._load, native=false, column=10, file=module.js, function=Function.Module.runMain, line=497, method=Module.runMain, native=false, column=16, file=node.js, function=startup, line=119, method=null, native=false, column=3, file=node.js, function=null, line=906, method=null, native=false], stack=[TypeError: Cannot set property 'basePath' of undefined,     at NRCM.create (c:\Projects\nrcm\lib\nrcm.js:34:18),     at Object.<anonymous> (c:\Projects\nrcm\index.js:3:6),     at Module._compile (module.js:456:26),     at Object.Module._extensions..js (module.js:474:10),     at Module.load (module.js:356:32),     at Function.Module._load (module.js:312:12),     at Function.Module.runMain (module.js:497:10),     at startup (node.js:119:16),     at node.js:906:3]
2014-05-30T20:24:16.826Z - error: uncaughtException: Cannot set property 'basePath' of undefined date=Fri May 30 2014 17:24:16 GMT-0300 (Hora oficial do Brasil), pid=9084, uid=null, gid=null, cwd=c:\Projects\nrcm, execPath=C:\Program Files (x86)\nodejs\node.exe, version=v0.10.28, argv=[node, c:\Projects\nrcm\index.js], rss=13869056, heapTotal=7130752, heapUsed=2539048, loadavg=[0, 0, 0], uptime=76482.4036239, trace=[column=18, file=c:\Projects\nrcm\lib\nrcm.js, function=NRCM.create, line=34, method=create, native=false, column=6, file=c:\Projects\nrcm\index.js, function=, line=3, method=null, native=false, column=26, file=module.js, function=Module._compile, line=456, method=_compile, native=false, column=10, file=module.js, function=Object.Module._extensions..js, line=474, method=Module._extensions..js, native=false, column=32, file=module.js, function=Module.load, line=356, method=load, native=false, column=12, file=module.js, function=Function.Module._load, line=312, method=Module._load, native=false, column=10, file=module.js, function=Function.Module.runMain, line=497, method=Module.runMain, native=false, column=16, file=node.js, function=startup, line=119, method=null, native=false, column=3, file=node.js, function=null, line=906, method=null, native=false], stack=[TypeError: Cannot set property 'basePath' of undefined,     at NRCM.create (c:\Projects\nrcm\lib\nrcm.js:34:18),     at Object.<anonymous> (c:\Projects\nrcm\index.js:3:6),     at Module._compile (module.js:456:26),     at Object.Module._extensions..js (module.js:474:10),     at Module.load (module.js:356:32),     at Function.Module._load (module.js:312:12),     at Function.Module.runMain (module.js:497:10),     at startup (node.js:119:16),     at node.js:906:3]
2014-05-30T20:29:54.195Z - error: uncaughtException: Object #<NRCM> has no method 'setUp' date=Fri May 30 2014 17:29:54 GMT-0300 (Hora oficial do Brasil), pid=8856, uid=null, gid=null, cwd=c:\Projects\nrcm, execPath=C:\Program Files (x86)\nodejs\node.exe, version=v0.10.28, argv=[node, c:\Projects\nrcm\index.js], rss=13856768, heapTotal=7130752, heapUsed=2534648, loadavg=[0, 0, 0], uptime=76819.7729204, trace=[column=6, file=c:\Projects\nrcm\index.js, function=, line=3, method=null, native=false, column=26, file=module.js, function=Module._compile, line=456, method=_compile, native=false, column=10, file=module.js, function=Object.Module._extensions..js, line=474, method=Module._extensions..js, native=false, column=32, file=module.js, function=Module.load, line=356, method=load, native=false, column=12, file=module.js, function=Function.Module._load, line=312, method=Module._load, native=false, column=10, file=module.js, function=Function.Module.runMain, line=497, method=Module.runMain, native=false, column=16, file=node.js, function=startup, line=119, method=null, native=false, column=3, file=node.js, function=null, line=906, method=null, native=false], stack=[TypeError: Object #<NRCM> has no method 'setUp',     at Object.<anonymous> (c:\Projects\nrcm\index.js:3:6),     at Module._compile (module.js:456:26),     at Object.Module._extensions..js (module.js:474:10),     at Module.load (module.js:356:32),     at Function.Module._load (module.js:312:12),     at Function.Module.runMain (module.js:497:10),     at startup (node.js:119:16),     at node.js:906:3]
2014-05-30T20:30:09.356Z - error: uncaughtException: Cannot set property 'basePath' of undefined date=Fri May 30 2014 17:30:09 GMT-0300 (Hora oficial do Brasil), pid=8308, uid=null, gid=null, cwd=c:\Projects\nrcm, execPath=C:\Program Files (x86)\nodejs\node.exe, version=v0.10.28, argv=[node, c:\Projects\nrcm\index.js], rss=13877248, heapTotal=7130752, heapUsed=2539052, loadavg=[0, 0, 0], uptime=76834.9327875, trace=[column=18, file=c:\Projects\nrcm\lib\nrcm.js, function=NRCM.setUp, line=34, method=setUp, native=false, column=6, file=c:\Projects\nrcm\index.js, function=, line=3, method=null, native=false, column=26, file=module.js, function=Module._compile, line=456, method=_compile, native=false, column=10, file=module.js, function=Object.Module._extensions..js, line=474, method=Module._extensions..js, native=false, column=32, file=module.js, function=Module.load, line=356, method=load, native=false, column=12, file=module.js, function=Function.Module._load, line=312, method=Module._load, native=false, column=10, file=module.js, function=Function.Module.runMain, line=497, method=Module.runMain, native=false, column=16, file=node.js, function=startup, line=119, method=null, native=false, column=3, file=node.js, function=null, line=906, method=null, native=false], stack=[TypeError: Cannot set property 'basePath' of undefined,     at NRCM.setUp (c:\Projects\nrcm\lib\nrcm.js:34:18),     at Object.<anonymous> (c:\Projects\nrcm\index.js:3:6),     at Module._compile (module.js:456:26),     at Object.Module._extensions..js (module.js:474:10),     at Module.load (module.js:356:32),     at Function.Module._load (module.js:312:12),     at Function.Module.runMain (module.js:497:10),     at startup (node.js:119:16),     at node.js:906:3]
2014-05-30T20:30:10.260Z - error: uncaughtException: Cannot set property 'basePath' of undefined date=Fri May 30 2014 17:30:10 GMT-0300 (Hora oficial do Brasil), pid=8180, uid=null, gid=null, cwd=c:\Projects\nrcm, execPath=C:\Program Files (x86)\nodejs\node.exe, version=v0.10.28, argv=[node, c:\Projects\nrcm\index.js], rss=13864960, heapTotal=7130752, heapUsed=2539052, loadavg=[0, 0, 0], uptime=76835.8368392, trace=[column=18, file=c:\Projects\nrcm\lib\nrcm.js, function=NRCM.setUp, line=34, method=setUp, native=false, column=6, file=c:\Projects\nrcm\index.js, function=, line=3, method=null, native=false, column=26, file=module.js, function=Module._compile, line=456, method=_compile, native=false, column=10, file=module.js, function=Object.Module._extensions..js, line=474, method=Module._extensions..js, native=false, column=32, file=module.js, function=Module.load, line=356, method=load, native=false, column=12, file=module.js, function=Function.Module._load, line=312, method=Module._load, native=false, column=10, file=module.js, function=Function.Module.runMain, line=497, method=Module.runMain, native=false, column=16, file=node.js, function=startup, line=119, method=null, native=false, column=3, file=node.js, function=null, line=906, method=null, native=false], stack=[TypeError: Cannot set property 'basePath' of undefined,     at NRCM.setUp (c:\Projects\nrcm\lib\nrcm.js:34:18),     at Object.<anonymous> (c:\Projects\nrcm\index.js:3:6),     at Module._compile (module.js:456:26),     at Object.Module._extensions..js (module.js:474:10),     at Module.load (module.js:356:32),     at Function.Module._load (module.js:312:12),     at Function.Module.runMain (module.js:497:10),     at startup (node.js:119:16),     at node.js:906:3]
2014-05-30T20:30:21.837Z - error: uncaughtException: controllers is not defined date=Fri May 30 2014 17:30:21 GMT-0300 (Hora oficial do Brasil), pid=5936, uid=null, gid=null, cwd=c:\Projects\nrcm, execPath=C:\Program Files (x86)\nodejs\node.exe, version=v0.10.28, argv=[node, c:\Projects\nrcm\index.js], rss=14036992, heapTotal=7130752, heapUsed=2659468, loadavg=[0, 0, 0], uptime=76847.4135013, trace=[column=45, file=c:\Projects\nrcm\lib\nrcm.js, function=NRCM.start, line=72, method=start, native=false, column=6, file=c:\Projects\nrcm\index.js, function=, line=5, method=null, native=false, column=26, file=module.js, function=Module._compile, line=456, method=_compile, native=false, column=10, file=module.js, function=Object.Module._extensions..js, line=474, method=Module._extensions..js, native=false, column=32, file=module.js, function=Module.load, line=356, method=load, native=false, column=12, file=module.js, function=Function.Module._load, line=312, method=Module._load, native=false, column=10, file=module.js, function=Function.Module.runMain, line=497, method=Module.runMain, native=false, column=16, file=node.js, function=startup, line=119, method=null, native=false, column=3, file=node.js, function=null, line=906, method=null, native=false], stack=[ReferenceError: controllers is not defined,     at NRCM.start (c:\Projects\nrcm\lib\nrcm.js:72:45),     at Object.<anonymous> (c:\Projects\nrcm\index.js:5:6),     at Module._compile (module.js:456:26),     at Object.Module._extensions..js (module.js:474:10),     at Module.load (module.js:356:32),     at Function.Module._load (module.js:312:12),     at Function.Module.runMain (module.js:497:10),     at startup (node.js:119:16),     at node.js:906:3]
2014-05-30T20:30:25.293Z - error: uncaughtException: controllers is not defined date=Fri May 30 2014 17:30:25 GMT-0300 (Hora oficial do Brasil), pid=5476, uid=null, gid=null, cwd=c:\Projects\nrcm, execPath=C:\Program Files (x86)\nodejs\node.exe, version=v0.10.28, argv=[node, c:\Projects\nrcm\index.js], rss=13987840, heapTotal=7130752, heapUsed=2659468, loadavg=[0, 0, 0], uptime=76850.8706991, trace=[column=45, file=c:\Projects\nrcm\lib\nrcm.js, function=NRCM.start, line=72, method=start, native=false, column=6, file=c:\Projects\nrcm\index.js, function=, line=5, method=null, native=false, column=26, file=module.js, function=Module._compile, line=456, method=_compile, native=false, column=10, file=module.js, function=Object.Module._extensions..js, line=474, method=Module._extensions..js, native=false, column=32, file=module.js, function=Module.load, line=356, method=load, native=false, column=12, file=module.js, function=Function.Module._load, line=312, method=Module._load, native=false, column=10, file=module.js, function=Function.Module.runMain, line=497, method=Module.runMain, native=false, column=16, file=node.js, function=startup, line=119, method=null, native=false, column=3, file=node.js, function=null, line=906, method=null, native=false], stack=[ReferenceError: controllers is not defined,     at NRCM.start (c:\Projects\nrcm\lib\nrcm.js:72:45),     at Object.<anonymous> (c:\Projects\nrcm\index.js:5:6),     at Module._compile (module.js:456:26),     at Object.Module._extensions..js (module.js:474:10),     at Module.load (module.js:356:32),     at Function.Module._load (module.js:312:12),     at Function.Module.runMain (module.js:497:10),     at startup (node.js:119:16),     at node.js:906:3]
